[0.357s] Invoking command in '/root/BFMC_workspace/files/ros/src/my_robot_controller': PYTHONPATH=/root/BFMC_workspace/files/ros/build/my_robot_controller/prefix_override:/usr/lib/python3/dist-packages/colcon_core/task/python/colcon_distutils_commands:/root/BFMC_workspace/files/ros/install/my_robot_controller/lib/python3.10/site-packages:${PYTHONPATH} /usr/bin/python3 -W ignore:setup.py install is deprecated -W ignore:easy_install command is deprecated setup.py egg_info --egg-base ../../build/my_robot_controller build --build-base /root/BFMC_workspace/files/ros/build/my_robot_controller/build install --record /root/BFMC_workspace/files/ros/build/my_robot_controller/install.log --single-version-externally-managed install_data
[0.476s] running egg_info
[0.477s] creating ../../build/my_robot_controller/my_robot_controller.egg-info
[0.477s] writing ../../build/my_robot_controller/my_robot_controller.egg-info/PKG-INFO
[0.477s] writing dependency_links to ../../build/my_robot_controller/my_robot_controller.egg-info/dependency_links.txt
[0.477s] writing entry points to ../../build/my_robot_controller/my_robot_controller.egg-info/entry_points.txt
[0.477s] writing requirements to ../../build/my_robot_controller/my_robot_controller.egg-info/requires.txt
[0.477s] writing top-level names to ../../build/my_robot_controller/my_robot_controller.egg-info/top_level.txt
[0.477s] writing manifest file '../../build/my_robot_controller/my_robot_controller.egg-info/SOURCES.txt'
[0.478s] reading manifest file '../../build/my_robot_controller/my_robot_controller.egg-info/SOURCES.txt'
[0.479s] writing manifest file '../../build/my_robot_controller/my_robot_controller.egg-info/SOURCES.txt'
[0.479s] running build
[0.479s] running build_py
[0.479s] creating /root/BFMC_workspace/files/ros/build/my_robot_controller/build
[0.479s] creating /root/BFMC_workspace/files/ros/build/my_robot_controller/build/lib
[0.479s] creating /root/BFMC_workspace/files/ros/build/my_robot_controller/build/lib/my_robot_controller
[0.479s] copying my_robot_controller/__init__.py -> /root/BFMC_workspace/files/ros/build/my_robot_controller/build/lib/my_robot_controller
[0.479s] copying my_robot_controller/my_first_node.py -> /root/BFMC_workspace/files/ros/build/my_robot_controller/build/lib/my_robot_controller
[0.479s] copying my_robot_controller/draw_circle.py -> /root/BFMC_workspace/files/ros/build/my_robot_controller/build/lib/my_robot_controller
[0.479s] copying my_robot_controller/pose_subscriber.py -> /root/BFMC_workspace/files/ros/build/my_robot_controller/build/lib/my_robot_controller
[0.479s] copying my_robot_controller/turtle_controller.py -> /root/BFMC_workspace/files/ros/build/my_robot_controller/build/lib/my_robot_controller
[0.479s] copying my_robot_controller/driver.py -> /root/BFMC_workspace/files/ros/build/my_robot_controller/build/lib/my_robot_controller
[0.479s] running install
[0.480s] running install_lib
[0.480s] creating /root/BFMC_workspace/files/ros/install/my_robot_controller/lib/python3.10/site-packages/my_robot_controller
[0.480s] copying /root/BFMC_workspace/files/ros/build/my_robot_controller/build/lib/my_robot_controller/__init__.py -> /root/BFMC_workspace/files/ros/install/my_robot_controller/lib/python3.10/site-packages/my_robot_controller
[0.480s] copying /root/BFMC_workspace/files/ros/build/my_robot_controller/build/lib/my_robot_controller/my_first_node.py -> /root/BFMC_workspace/files/ros/install/my_robot_controller/lib/python3.10/site-packages/my_robot_controller
[0.481s] copying /root/BFMC_workspace/files/ros/build/my_robot_controller/build/lib/my_robot_controller/draw_circle.py -> /root/BFMC_workspace/files/ros/install/my_robot_controller/lib/python3.10/site-packages/my_robot_controller
[0.481s] copying /root/BFMC_workspace/files/ros/build/my_robot_controller/build/lib/my_robot_controller/pose_subscriber.py -> /root/BFMC_workspace/files/ros/install/my_robot_controller/lib/python3.10/site-packages/my_robot_controller
[0.481s] copying /root/BFMC_workspace/files/ros/build/my_robot_controller/build/lib/my_robot_controller/turtle_controller.py -> /root/BFMC_workspace/files/ros/install/my_robot_controller/lib/python3.10/site-packages/my_robot_controller
[0.481s] copying /root/BFMC_workspace/files/ros/build/my_robot_controller/build/lib/my_robot_controller/driver.py -> /root/BFMC_workspace/files/ros/install/my_robot_controller/lib/python3.10/site-packages/my_robot_controller
[0.481s] byte-compiling /root/BFMC_workspace/files/ros/install/my_robot_controller/lib/python3.10/site-packages/my_robot_controller/__init__.py to __init__.cpython-310.pyc
[0.481s] byte-compiling /root/BFMC_workspace/files/ros/install/my_robot_controller/lib/python3.10/site-packages/my_robot_controller/my_first_node.py to my_first_node.cpython-310.pyc
[0.481s] byte-compiling /root/BFMC_workspace/files/ros/install/my_robot_controller/lib/python3.10/site-packages/my_robot_controller/draw_circle.py to draw_circle.cpython-310.pyc
[0.482s] byte-compiling /root/BFMC_workspace/files/ros/install/my_robot_controller/lib/python3.10/site-packages/my_robot_controller/pose_subscriber.py to pose_subscriber.cpython-310.pyc
[0.482s] byte-compiling /root/BFMC_workspace/files/ros/install/my_robot_controller/lib/python3.10/site-packages/my_robot_controller/turtle_controller.py to turtle_controller.cpython-310.pyc
[0.482s] byte-compiling /root/BFMC_workspace/files/ros/install/my_robot_controller/lib/python3.10/site-packages/my_robot_controller/driver.py to driver.cpython-310.pyc
[0.482s] running install_data
[0.483s] creating /root/BFMC_workspace/files/ros/install/my_robot_controller/share/ament_index
[0.483s] creating /root/BFMC_workspace/files/ros/install/my_robot_controller/share/ament_index/resource_index
[0.483s] creating /root/BFMC_workspace/files/ros/install/my_robot_controller/share/ament_index/resource_index/packages
[0.483s] copying resource/my_robot_controller -> /root/BFMC_workspace/files/ros/install/my_robot_controller/share/ament_index/resource_index/packages
[0.483s] copying package.xml -> /root/BFMC_workspace/files/ros/install/my_robot_controller/share/my_robot_controller
[0.483s] creating /root/BFMC_workspace/files/ros/install/my_robot_controller/share/my_robot_controller/launch
[0.483s] copying launch/sim_launch.py -> /root/BFMC_workspace/files/ros/install/my_robot_controller/share/my_robot_controller/launch
[0.483s] running install_egg_info
[0.484s] Copying ../../build/my_robot_controller/my_robot_controller.egg-info to /root/BFMC_workspace/files/ros/install/my_robot_controller/lib/python3.10/site-packages/my_robot_controller-0.0.0-py3.10.egg-info
[0.484s] running install_scripts
[0.497s] Installing draw_circle script to /root/BFMC_workspace/files/ros/install/my_robot_controller/lib/my_robot_controller
[0.497s] Installing driver script to /root/BFMC_workspace/files/ros/install/my_robot_controller/lib/my_robot_controller
[0.497s] Installing pose_subscriber script to /root/BFMC_workspace/files/ros/install/my_robot_controller/lib/my_robot_controller
[0.497s] Installing test_node script to /root/BFMC_workspace/files/ros/install/my_robot_controller/lib/my_robot_controller
[0.498s] Installing turtle_controller script to /root/BFMC_workspace/files/ros/install/my_robot_controller/lib/my_robot_controller
[0.498s] writing list of installed files to '/root/BFMC_workspace/files/ros/build/my_robot_controller/install.log'
[0.516s] Invoked command in '/root/BFMC_workspace/files/ros/src/my_robot_controller' returned '0': PYTHONPATH=/root/BFMC_workspace/files/ros/build/my_robot_controller/prefix_override:/usr/lib/python3/dist-packages/colcon_core/task/python/colcon_distutils_commands:/root/BFMC_workspace/files/ros/install/my_robot_controller/lib/python3.10/site-packages:${PYTHONPATH} /usr/bin/python3 -W ignore:setup.py install is deprecated -W ignore:easy_install command is deprecated setup.py egg_info --egg-base ../../build/my_robot_controller build --build-base /root/BFMC_workspace/files/ros/build/my_robot_controller/build install --record /root/BFMC_workspace/files/ros/build/my_robot_controller/install.log --single-version-externally-managed install_data
