/root/BFMC_workspace/files/ros/install/my_robot_controller/lib/python3.10/site-packages/my_robot_controller/__init__.py
/root/BFMC_workspace/files/ros/install/my_robot_controller/lib/python3.10/site-packages/my_robot_controller/my_first_node.py
/root/BFMC_workspace/files/ros/install/my_robot_controller/lib/python3.10/site-packages/my_robot_controller/draw_circle.py
/root/BFMC_workspace/files/ros/install/my_robot_controller/lib/python3.10/site-packages/my_robot_controller/pose_subscriber.py
/root/BFMC_workspace/files/ros/install/my_robot_controller/lib/python3.10/site-packages/my_robot_controller/turtle_controller.py
/root/BFMC_workspace/files/ros/install/my_robot_controller/lib/python3.10/site-packages/my_robot_controller/driver.py
/root/BFMC_workspace/files/ros/install/my_robot_controller/lib/python3.10/site-packages/my_robot_controller/__pycache__/__init__.cpython-310.pyc
/root/BFMC_workspace/files/ros/install/my_robot_controller/lib/python3.10/site-packages/my_robot_controller/__pycache__/my_first_node.cpython-310.pyc
/root/BFMC_workspace/files/ros/install/my_robot_controller/lib/python3.10/site-packages/my_robot_controller/__pycache__/draw_circle.cpython-310.pyc
/root/BFMC_workspace/files/ros/install/my_robot_controller/lib/python3.10/site-packages/my_robot_controller/__pycache__/pose_subscriber.cpython-310.pyc
/root/BFMC_workspace/files/ros/install/my_robot_controller/lib/python3.10/site-packages/my_robot_controller/__pycache__/turtle_controller.cpython-310.pyc
/root/BFMC_workspace/files/ros/install/my_robot_controller/lib/python3.10/site-packages/my_robot_controller/__pycache__/driver.cpython-310.pyc
/root/BFMC_workspace/files/ros/install/my_robot_controller/share/ament_index/resource_index/packages/my_robot_controller
/root/BFMC_workspace/files/ros/install/my_robot_controller/share/my_robot_controller/package.xml
/root/BFMC_workspace/files/ros/install/my_robot_controller/share/my_robot_controller/launch/sim_launch.py
/root/BFMC_workspace/files/ros/install/my_robot_controller/lib/python3.10/site-packages/my_robot_controller-0.0.0-py3.10.egg-info/PKG-INFO
/root/BFMC_workspace/files/ros/install/my_robot_controller/lib/python3.10/site-packages/my_robot_controller-0.0.0-py3.10.egg-info/zip-safe
/root/BFMC_workspace/files/ros/install/my_robot_controller/lib/python3.10/site-packages/my_robot_controller-0.0.0-py3.10.egg-info/dependency_links.txt
/root/BFMC_workspace/files/ros/install/my_robot_controller/lib/python3.10/site-packages/my_robot_controller-0.0.0-py3.10.egg-info/entry_points.txt
/root/BFMC_workspace/files/ros/install/my_robot_controller/lib/python3.10/site-packages/my_robot_controller-0.0.0-py3.10.egg-info/requires.txt
/root/BFMC_workspace/files/ros/install/my_robot_controller/lib/python3.10/site-packages/my_robot_controller-0.0.0-py3.10.egg-info/top_level.txt
/root/BFMC_workspace/files/ros/install/my_robot_controller/lib/python3.10/site-packages/my_robot_controller-0.0.0-py3.10.egg-info/SOURCES.txt
/root/BFMC_workspace/files/ros/install/my_robot_controller/lib/my_robot_controller/draw_circle
/root/BFMC_workspace/files/ros/install/my_robot_controller/lib/my_robot_controller/driver
/root/BFMC_workspace/files/ros/install/my_robot_controller/lib/my_robot_controller/pose_subscriber
/root/BFMC_workspace/files/ros/install/my_robot_controller/lib/my_robot_controller/test_node
/root/BFMC_workspace/files/ros/install/my_robot_controller/lib/my_robot_controller/turtle_controller
