[0.104s] DEBUG:colcon:Command line arguments: ['/usr/bin/colcon', 'build']
[0.104s] DEBUG:colcon:Parsed command line arguments: Namespace(log_base=None, log_level=None, verb_name='build', build_base='build', install_base='install', merge_install=False, symlink_install=False, test_result_base=None, continue_on_error=False, executor='parallel', parallel_workers=16, event_handlers=None, ignore_user_meta=False, metas=['./colcon.meta'], base_paths=['.'], packages_ignore=None, packages_ignore_regex=None, paths=None, packages_up_to=None, packages_up_to_regex=None, packages_above=None, packages_above_and_dependencies=None, packages_above_depth=None, packages_select_by_dep=None, packages_skip_by_dep=None, packages_skip_up_to=None, packages_select_build_failed=False, packages_skip_build_finished=False, packages_select_test_failures=False, packages_skip_test_passed=False, packages_select=None, packages_skip=None, packages_select_regex=None, packages_skip_regex=None, packages_start=None, packages_end=None, cmake_args=None, cmake_target=None, cmake_target_skip_unavailable=False, cmake_clean_cache=False, cmake_clean_first=False, cmake_force_configure=False, ament_cmake_args=None, catkin_cmake_args=None, catkin_skip_building_tests=False, mixin_files=None, mixin=None, verb_parser=<colcon_mixin.mixin.mixin_argument.MixinArgumentDecorator object at 0x7ff69a8eb3d0>, verb_extension=<colcon_core.verb.build.BuildVerb object at 0x7ff69aa24340>, main=<bound method BuildVerb.main of <colcon_core.verb.build.BuildVerb object at 0x7ff69aa24340>>, mixin_verb=('build',))
[0.205s] Level 1:colcon.colcon_core.package_discovery:discover_packages(colcon_meta) check parameters
[0.206s] INFO:colcon.colcon_metadata.package_discovery.colcon_meta:Using configuration from '/root/.colcon/metadata/default/Gazebo.meta'
[0.206s] INFO:colcon.colcon_metadata.package_discovery.colcon_meta:Using configuration from '/root/.colcon/metadata/default/fastdds.meta'
[0.206s] INFO:colcon.colcon_metadata.package_discovery.colcon_meta:Using configuration from '/root/.colcon/metadata/default/fastrtps.meta'
[0.206s] Level 1:colcon.colcon_core.package_discovery:discover_packages(recursive) check parameters
[0.206s] Level 1:colcon.colcon_core.package_discovery:discover_packages(ignore) check parameters
[0.206s] Level 1:colcon.colcon_core.package_discovery:discover_packages(path) check parameters
[0.206s] Level 1:colcon.colcon_core.package_discovery:discover_packages(colcon_meta) discover
[0.207s] Level 1:colcon.colcon_core.package_discovery:discover_packages(recursive) discover
[0.207s] INFO:colcon.colcon_core.package_discovery:Crawling recursively for packages in '/root/BFMC_workspace/files/ros'
[0.207s] Level 1:colcon.colcon_core.package_identification:_identify(.) by extensions ['ignore', 'ignore_ament_install']
[0.207s] Level 1:colcon.colcon_core.package_identification:_identify(.) by extension 'ignore'
[0.207s] Level 1:colcon.colcon_core.package_identification:_identify(.) by extension 'ignore_ament_install'
[0.207s] Level 1:colcon.colcon_core.package_identification:_identify(.) by extensions ['colcon_pkg']
[0.207s] Level 1:colcon.colcon_core.package_identification:_identify(.) by extension 'colcon_pkg'
[0.207s] Level 1:colcon.colcon_core.package_identification:_identify(.) by extensions ['colcon_meta']
[0.207s] Level 1:colcon.colcon_core.package_identification:_identify(.) by extension 'colcon_meta'
[0.207s] Level 1:colcon.colcon_core.package_identification:_identify(.) by extensions ['ros']
[0.207s] Level 1:colcon.colcon_core.package_identification:_identify(.) by extension 'ros'
[0.217s] Level 1:colcon.colcon_core.package_identification:_identify(.) by extensions ['cmake', 'python']
[0.217s] Level 1:colcon.colcon_core.package_identification:_identify(.) by extension 'cmake'
[0.217s] Level 1:colcon.colcon_core.package_identification:_identify(.) by extension 'python'
[0.217s] Level 1:colcon.colcon_core.package_identification:_identify(.) by extensions ['python_setup_py']
[0.217s] Level 1:colcon.colcon_core.package_identification:_identify(.) by extension 'python_setup_py'
[0.218s] Level 1:colcon.colcon_core.package_identification:_identify(build) by extensions ['ignore', 'ignore_ament_install']
[0.218s] Level 1:colcon.colcon_core.package_identification:_identify(build) by extension 'ignore'
[0.218s] Level 1:colcon.colcon_core.package_identification:_identify(build) ignored
[0.218s] Level 1:colcon.colcon_core.package_identification:_identify(install) by extensions ['ignore', 'ignore_ament_install']
[0.218s] Level 1:colcon.colcon_core.package_identification:_identify(install) by extension 'ignore'
[0.218s] Level 1:colcon.colcon_core.package_identification:_identify(install) ignored
[0.218s] Level 1:colcon.colcon_core.package_identification:_identify(log) by extensions ['ignore', 'ignore_ament_install']
[0.218s] Level 1:colcon.colcon_core.package_identification:_identify(log) by extension 'ignore'
[0.218s] Level 1:colcon.colcon_core.package_identification:_identify(log) ignored
[0.218s] Level 1:colcon.colcon_core.package_identification:_identify(src) by extensions ['ignore', 'ignore_ament_install']
[0.218s] Level 1:colcon.colcon_core.package_identification:_identify(src) by extension 'ignore'
[0.218s] Level 1:colcon.colcon_core.package_identification:_identify(src) by extension 'ignore_ament_install'
[0.218s] Level 1:colcon.colcon_core.package_identification:_identify(src) by extensions ['colcon_pkg']
[0.218s] Level 1:colcon.colcon_core.package_identification:_identify(src) by extension 'colcon_pkg'
[0.218s] Level 1:colcon.colcon_core.package_identification:_identify(src) by extensions ['colcon_meta']
[0.218s] Level 1:colcon.colcon_core.package_identification:_identify(src) by extension 'colcon_meta'
[0.218s] Level 1:colcon.colcon_core.package_identification:_identify(src) by extensions ['ros']
[0.218s] Level 1:colcon.colcon_core.package_identification:_identify(src) by extension 'ros'
[0.218s] Level 1:colcon.colcon_core.package_identification:_identify(src) by extensions ['cmake', 'python']
[0.218s] Level 1:colcon.colcon_core.package_identification:_identify(src) by extension 'cmake'
[0.218s] Level 1:colcon.colcon_core.package_identification:_identify(src) by extension 'python'
[0.218s] Level 1:colcon.colcon_core.package_identification:_identify(src) by extensions ['python_setup_py']
[0.218s] Level 1:colcon.colcon_core.package_identification:_identify(src) by extension 'python_setup_py'
[0.218s] Level 1:colcon.colcon_core.package_identification:_identify(src/my_robot_controller) by extensions ['ignore', 'ignore_ament_install']
[0.218s] Level 1:colcon.colcon_core.package_identification:_identify(src/my_robot_controller) by extension 'ignore'
[0.218s] Level 1:colcon.colcon_core.package_identification:_identify(src/my_robot_controller) by extension 'ignore_ament_install'
[0.218s] Level 1:colcon.colcon_core.package_identification:_identify(src/my_robot_controller) by extensions ['colcon_pkg']
[0.218s] Level 1:colcon.colcon_core.package_identification:_identify(src/my_robot_controller) by extension 'colcon_pkg'
[0.218s] Level 1:colcon.colcon_core.package_identification:_identify(src/my_robot_controller) by extensions ['colcon_meta']
[0.218s] Level 1:colcon.colcon_core.package_identification:_identify(src/my_robot_controller) by extension 'colcon_meta'
[0.218s] Level 1:colcon.colcon_core.package_identification:_identify(src/my_robot_controller) by extensions ['ros']
[0.218s] Level 1:colcon.colcon_core.package_identification:_identify(src/my_robot_controller) by extension 'ros'
[0.220s] DEBUG:colcon.colcon_core.package_identification:Package 'src/my_robot_controller' with type 'ros.ament_python' and name 'my_robot_controller'
[0.220s] Level 1:colcon.colcon_core.package_identification:_identify(src/traffic_light_plugin) by extensions ['ignore', 'ignore_ament_install']
[0.220s] Level 1:colcon.colcon_core.package_identification:_identify(src/traffic_light_plugin) by extension 'ignore'
[0.220s] Level 1:colcon.colcon_core.package_identification:_identify(src/traffic_light_plugin) by extension 'ignore_ament_install'
[0.220s] Level 1:colcon.colcon_core.package_identification:_identify(src/traffic_light_plugin) by extensions ['colcon_pkg']
[0.220s] Level 1:colcon.colcon_core.package_identification:_identify(src/traffic_light_plugin) by extension 'colcon_pkg'
[0.220s] Level 1:colcon.colcon_core.package_identification:_identify(src/traffic_light_plugin) by extensions ['colcon_meta']
[0.221s] Level 1:colcon.colcon_core.package_identification:_identify(src/traffic_light_plugin) by extension 'colcon_meta'
[0.221s] Level 1:colcon.colcon_core.package_identification:_identify(src/traffic_light_plugin) by extensions ['ros']
[0.221s] Level 1:colcon.colcon_core.package_identification:_identify(src/traffic_light_plugin) by extension 'ros'
[0.221s] DEBUG:colcon.colcon_core.package_identification:Package 'src/traffic_light_plugin' with type 'ros.ament_cmake' and name 'traffic_light_plugin'
[0.221s] Level 1:colcon.colcon_core.package_discovery:discover_packages(recursive) using defaults
[0.221s] Level 1:colcon.colcon_core.package_discovery:discover_packages(ignore) discover
[0.221s] Level 1:colcon.colcon_core.package_discovery:discover_packages(ignore) using defaults
[0.221s] Level 1:colcon.colcon_core.package_discovery:discover_packages(path) discover
[0.221s] Level 1:colcon.colcon_core.package_discovery:discover_packages(path) using defaults
[0.238s] Level 5:colcon.colcon_core.verb:set package 'my_robot_controller' build argument 'cmake_args' from command line to 'None'
[0.238s] Level 5:colcon.colcon_core.verb:set package 'my_robot_controller' build argument 'cmake_target' from command line to 'None'
[0.238s] Level 5:colcon.colcon_core.verb:set package 'my_robot_controller' build argument 'cmake_target_skip_unavailable' from command line to 'False'
[0.238s] Level 5:colcon.colcon_core.verb:set package 'my_robot_controller' build argument 'cmake_clean_cache' from command line to 'False'
[0.238s] Level 5:colcon.colcon_core.verb:set package 'my_robot_controller' build argument 'cmake_clean_first' from command line to 'False'
[0.238s] Level 5:colcon.colcon_core.verb:set package 'my_robot_controller' build argument 'cmake_force_configure' from command line to 'False'
[0.238s] Level 5:colcon.colcon_core.verb:set package 'my_robot_controller' build argument 'ament_cmake_args' from command line to 'None'
[0.238s] Level 5:colcon.colcon_core.verb:set package 'my_robot_controller' build argument 'catkin_cmake_args' from command line to 'None'
[0.238s] Level 5:colcon.colcon_core.verb:set package 'my_robot_controller' build argument 'catkin_skip_building_tests' from command line to 'False'
[0.238s] DEBUG:colcon.colcon_core.verb:Building package 'my_robot_controller' with the following arguments: {'ament_cmake_args': None, 'build_base': '/root/BFMC_workspace/files/ros/build/my_robot_controller', 'catkin_cmake_args': None, 'catkin_skip_building_tests': False, 'cmake_args': None, 'cmake_clean_cache': False, 'cmake_clean_first': False, 'cmake_force_configure': False, 'cmake_target': None, 'cmake_target_skip_unavailable': False, 'install_base': '/root/BFMC_workspace/files/ros/install/my_robot_controller', 'merge_install': False, 'path': '/root/BFMC_workspace/files/ros/src/my_robot_controller', 'symlink_install': False, 'test_result_base': None}
[0.238s] Level 5:colcon.colcon_core.verb:set package 'traffic_light_plugin' build argument 'cmake_args' from command line to 'None'
[0.238s] Level 5:colcon.colcon_core.verb:set package 'traffic_light_plugin' build argument 'cmake_target' from command line to 'None'
[0.238s] Level 5:colcon.colcon_core.verb:set package 'traffic_light_plugin' build argument 'cmake_target_skip_unavailable' from command line to 'False'
[0.238s] Level 5:colcon.colcon_core.verb:set package 'traffic_light_plugin' build argument 'cmake_clean_cache' from command line to 'False'
[0.238s] Level 5:colcon.colcon_core.verb:set package 'traffic_light_plugin' build argument 'cmake_clean_first' from command line to 'False'
[0.238s] Level 5:colcon.colcon_core.verb:set package 'traffic_light_plugin' build argument 'cmake_force_configure' from command line to 'False'
[0.238s] Level 5:colcon.colcon_core.verb:set package 'traffic_light_plugin' build argument 'ament_cmake_args' from command line to 'None'
[0.238s] Level 5:colcon.colcon_core.verb:set package 'traffic_light_plugin' build argument 'catkin_cmake_args' from command line to 'None'
[0.238s] Level 5:colcon.colcon_core.verb:set package 'traffic_light_plugin' build argument 'catkin_skip_building_tests' from command line to 'False'
[0.238s] DEBUG:colcon.colcon_core.verb:Building package 'traffic_light_plugin' with the following arguments: {'ament_cmake_args': None, 'build_base': '/root/BFMC_workspace/files/ros/build/traffic_light_plugin', 'catkin_cmake_args': None, 'catkin_skip_building_tests': False, 'cmake_args': None, 'cmake_clean_cache': False, 'cmake_clean_first': False, 'cmake_force_configure': False, 'cmake_target': None, 'cmake_target_skip_unavailable': False, 'install_base': '/root/BFMC_workspace/files/ros/install/traffic_light_plugin', 'merge_install': False, 'path': '/root/BFMC_workspace/files/ros/src/traffic_light_plugin', 'symlink_install': False, 'test_result_base': None}
[0.238s] INFO:colcon.colcon_core.executor:Executing jobs using 'parallel' executor
[0.239s] DEBUG:colcon.colcon_parallel_executor.executor.parallel:run_until_complete
[0.239s] INFO:colcon.colcon_ros.task.ament_python.build:Building ROS package in '/root/BFMC_workspace/files/ros/src/my_robot_controller' with build type 'ament_python'
[0.239s] Level 1:colcon.colcon_core.shell:create_environment_hook('my_robot_controller', 'ament_prefix_path')
[0.241s] INFO:colcon.colcon_core.plugin_system:Skipping extension 'colcon_core.shell.bat': Not used on non-Windows systems
[0.241s] INFO:colcon.colcon_core.shell:Creating environment hook '/root/BFMC_workspace/files/ros/install/my_robot_controller/share/my_robot_controller/hook/ament_prefix_path.ps1'
[0.242s] INFO:colcon.colcon_core.shell:Creating environment descriptor '/root/BFMC_workspace/files/ros/install/my_robot_controller/share/my_robot_controller/hook/ament_prefix_path.dsv'
[0.242s] INFO:colcon.colcon_core.shell:Creating environment hook '/root/BFMC_workspace/files/ros/install/my_robot_controller/share/my_robot_controller/hook/ament_prefix_path.sh'
[0.242s] INFO:colcon.colcon_core.shell:Skip shell extension 'powershell' for command environment: Not usable outside of PowerShell
[0.242s] DEBUG:colcon.colcon_core.shell:Skip shell extension 'dsv' for command environment
[0.246s] INFO:colcon.colcon_ros.task.ament_cmake.build:Building ROS package in '/root/BFMC_workspace/files/ros/src/traffic_light_plugin' with build type 'ament_cmake'
[0.246s] INFO:colcon.colcon_cmake.task.cmake.build:Building CMake package in '/root/BFMC_workspace/files/ros/src/traffic_light_plugin'
[0.246s] INFO:colcon.colcon_core.shell:Skip shell extension 'powershell' for command environment: Not usable outside of PowerShell
[0.246s] DEBUG:colcon.colcon_core.shell:Skip shell extension 'dsv' for command environment
[0.389s] INFO:colcon.colcon_core.task.python.build:Building Python package in '/root/BFMC_workspace/files/ros/src/my_robot_controller'
[0.390s] INFO:colcon.colcon_core.shell:Skip shell extension 'powershell' for command environment: Not usable outside of PowerShell
[0.390s] DEBUG:colcon.colcon_core.shell:Skip shell extension 'dsv' for command environment
[0.394s] DEBUG:colcon.colcon_core.event_handler.log_command:Invoking command in '/root/BFMC_workspace/files/ros/build/traffic_light_plugin': CMAKE_PREFIX_PATH=/opt/ros/humble /usr/bin/cmake /root/BFMC_workspace/files/ros/src/traffic_light_plugin -DCMAKE_INSTALL_PREFIX=/root/BFMC_workspace/files/ros/install/traffic_light_plugin
[0.596s] DEBUG:colcon.colcon_core.event_handler.log_command:Invoking command in '/root/BFMC_workspace/files/ros/src/my_robot_controller': PYTHONPATH=/root/BFMC_workspace/files/ros/build/my_robot_controller/prefix_override:/usr/lib/python3/dist-packages/colcon_core/task/python/colcon_distutils_commands:/root/BFMC_workspace/files/ros/install/my_robot_controller/lib/python3.10/site-packages:${PYTHONPATH} /usr/bin/python3 -W ignore:setup.py install is deprecated -W ignore:easy_install command is deprecated setup.py egg_info --egg-base ../../build/my_robot_controller build --build-base /root/BFMC_workspace/files/ros/build/my_robot_controller/build install --record /root/BFMC_workspace/files/ros/build/my_robot_controller/install.log --single-version-externally-managed install_data
[0.756s] DEBUG:colcon.colcon_core.event_handler.log_command:Invoked command in '/root/BFMC_workspace/files/ros/src/my_robot_controller' returned '0': PYTHONPATH=/root/BFMC_workspace/files/ros/build/my_robot_controller/prefix_override:/usr/lib/python3/dist-packages/colcon_core/task/python/colcon_distutils_commands:/root/BFMC_workspace/files/ros/install/my_robot_controller/lib/python3.10/site-packages:${PYTHONPATH} /usr/bin/python3 -W ignore:setup.py install is deprecated -W ignore:easy_install command is deprecated setup.py egg_info --egg-base ../../build/my_robot_controller build --build-base /root/BFMC_workspace/files/ros/build/my_robot_controller/build install --record /root/BFMC_workspace/files/ros/build/my_robot_controller/install.log --single-version-externally-managed install_data
[0.757s] Level 1:colcon.colcon_core.environment:checking '/root/BFMC_workspace/files/ros/install/my_robot_controller' for CMake module files
[0.758s] Level 1:colcon.colcon_core.environment:checking '/root/BFMC_workspace/files/ros/install/my_robot_controller' for CMake config files
[0.758s] Level 1:colcon.colcon_core.environment:checking '/root/BFMC_workspace/files/ros/install/my_robot_controller/lib'
[0.758s] Level 1:colcon.colcon_core.environment:checking '/root/BFMC_workspace/files/ros/install/my_robot_controller/bin'
[0.758s] Level 1:colcon.colcon_core.environment:checking '/root/BFMC_workspace/files/ros/install/my_robot_controller/lib/pkgconfig/my_robot_controller.pc'
[0.758s] Level 1:colcon.colcon_core.environment:checking '/root/BFMC_workspace/files/ros/install/my_robot_controller/lib/python3.10/site-packages'
[0.758s] Level 1:colcon.colcon_core.shell:create_environment_hook('my_robot_controller', 'pythonpath')
[0.759s] INFO:colcon.colcon_core.shell:Creating environment hook '/root/BFMC_workspace/files/ros/install/my_robot_controller/share/my_robot_controller/hook/pythonpath.ps1'
[0.759s] INFO:colcon.colcon_core.shell:Creating environment descriptor '/root/BFMC_workspace/files/ros/install/my_robot_controller/share/my_robot_controller/hook/pythonpath.dsv'
[0.759s] INFO:colcon.colcon_core.shell:Creating environment hook '/root/BFMC_workspace/files/ros/install/my_robot_controller/share/my_robot_controller/hook/pythonpath.sh'
[0.759s] Level 1:colcon.colcon_core.environment:checking '/root/BFMC_workspace/files/ros/install/my_robot_controller/bin'
[0.759s] Level 1:colcon.colcon_core.environment:create_environment_scripts_only(my_robot_controller)
[0.760s] INFO:colcon.colcon_core.shell:Creating package script '/root/BFMC_workspace/files/ros/install/my_robot_controller/share/my_robot_controller/package.ps1'
[0.760s] INFO:colcon.colcon_core.shell:Creating package descriptor '/root/BFMC_workspace/files/ros/install/my_robot_controller/share/my_robot_controller/package.dsv'
[0.760s] INFO:colcon.colcon_core.shell:Creating package script '/root/BFMC_workspace/files/ros/install/my_robot_controller/share/my_robot_controller/package.sh'
[0.761s] INFO:colcon.colcon_core.shell:Creating package script '/root/BFMC_workspace/files/ros/install/my_robot_controller/share/my_robot_controller/package.bash'
[0.761s] INFO:colcon.colcon_core.shell:Creating package script '/root/BFMC_workspace/files/ros/install/my_robot_controller/share/my_robot_controller/package.zsh'
[0.761s] Level 1:colcon.colcon_core.environment:create_file_with_runtime_dependencies(/root/BFMC_workspace/files/ros/install/my_robot_controller/share/colcon-core/packages/my_robot_controller)
[1.834s] DEBUG:colcon.colcon_core.event_handler.log_command:Invoked command in '/root/BFMC_workspace/files/ros/build/traffic_light_plugin' returned '0': CMAKE_PREFIX_PATH=/opt/ros/humble /usr/bin/cmake /root/BFMC_workspace/files/ros/src/traffic_light_plugin -DCMAKE_INSTALL_PREFIX=/root/BFMC_workspace/files/ros/install/traffic_light_plugin
[1.835s] DEBUG:colcon.colcon_core.event_handler.log_command:Invoking command in '/root/BFMC_workspace/files/ros/build/traffic_light_plugin': CMAKE_PREFIX_PATH=/opt/ros/humble /usr/bin/cmake --build /root/BFMC_workspace/files/ros/build/traffic_light_plugin -- -j16 -l16
[6.593s] DEBUG:colcon.colcon_core.event_handler.log_command:Invoked command in '/root/BFMC_workspace/files/ros/build/traffic_light_plugin' returned '0': CMAKE_PREFIX_PATH=/opt/ros/humble /usr/bin/cmake --build /root/BFMC_workspace/files/ros/build/traffic_light_plugin -- -j16 -l16
[6.600s] DEBUG:colcon.colcon_core.event_handler.log_command:Invoking command in '/root/BFMC_workspace/files/ros/build/traffic_light_plugin': CMAKE_PREFIX_PATH=/opt/ros/humble /usr/bin/cmake --install /root/BFMC_workspace/files/ros/build/traffic_light_plugin
[6.615s] Level 1:colcon.colcon_core.environment:create_environment_scripts_only(traffic_light_plugin)
[6.615s] Level 1:colcon.colcon_core.environment:checking '/root/BFMC_workspace/files/ros/install/traffic_light_plugin' for CMake module files
[6.615s] DEBUG:colcon.colcon_core.event_handler.log_command:Invoked command in '/root/BFMC_workspace/files/ros/build/traffic_light_plugin' returned '0': CMAKE_PREFIX_PATH=/opt/ros/humble /usr/bin/cmake --install /root/BFMC_workspace/files/ros/build/traffic_light_plugin
[6.616s] Level 1:colcon.colcon_core.environment:checking '/root/BFMC_workspace/files/ros/install/traffic_light_plugin' for CMake config files
[6.616s] Level 1:colcon.colcon_core.shell:create_environment_hook('traffic_light_plugin', 'cmake_prefix_path')
[6.616s] INFO:colcon.colcon_core.shell:Creating environment hook '/root/BFMC_workspace/files/ros/install/traffic_light_plugin/share/traffic_light_plugin/hook/cmake_prefix_path.ps1'
[6.617s] INFO:colcon.colcon_core.shell:Creating environment descriptor '/root/BFMC_workspace/files/ros/install/traffic_light_plugin/share/traffic_light_plugin/hook/cmake_prefix_path.dsv'
[6.617s] INFO:colcon.colcon_core.shell:Creating environment hook '/root/BFMC_workspace/files/ros/install/traffic_light_plugin/share/traffic_light_plugin/hook/cmake_prefix_path.sh'
[6.617s] Level 1:colcon.colcon_core.environment:checking '/root/BFMC_workspace/files/ros/install/traffic_light_plugin/lib'
[6.617s] Level 1:colcon.colcon_core.environment:checking '/root/BFMC_workspace/files/ros/install/traffic_light_plugin/bin'
[6.617s] Level 1:colcon.colcon_core.environment:checking '/root/BFMC_workspace/files/ros/install/traffic_light_plugin/lib/pkgconfig/traffic_light_plugin.pc'
[6.617s] Level 1:colcon.colcon_core.environment:checking '/root/BFMC_workspace/files/ros/install/traffic_light_plugin/lib/python3.10/site-packages'
[6.617s] Level 1:colcon.colcon_core.environment:checking '/root/BFMC_workspace/files/ros/install/traffic_light_plugin/bin'
[6.618s] INFO:colcon.colcon_core.shell:Creating package script '/root/BFMC_workspace/files/ros/install/traffic_light_plugin/share/traffic_light_plugin/package.ps1'
[6.618s] INFO:colcon.colcon_core.shell:Creating package descriptor '/root/BFMC_workspace/files/ros/install/traffic_light_plugin/share/traffic_light_plugin/package.dsv'
[6.618s] INFO:colcon.colcon_core.shell:Creating package script '/root/BFMC_workspace/files/ros/install/traffic_light_plugin/share/traffic_light_plugin/package.sh'
[6.618s] INFO:colcon.colcon_core.shell:Creating package script '/root/BFMC_workspace/files/ros/install/traffic_light_plugin/share/traffic_light_plugin/package.bash'
[6.618s] INFO:colcon.colcon_core.shell:Creating package script '/root/BFMC_workspace/files/ros/install/traffic_light_plugin/share/traffic_light_plugin/package.zsh'
[6.618s] Level 1:colcon.colcon_core.environment:create_file_with_runtime_dependencies(/root/BFMC_workspace/files/ros/install/traffic_light_plugin/share/colcon-core/packages/traffic_light_plugin)
[6.619s] Level 1:colcon.colcon_core.environment:create_environment_scripts_only(traffic_light_plugin)
[6.619s] Level 1:colcon.colcon_core.environment:checking '/root/BFMC_workspace/files/ros/install/traffic_light_plugin' for CMake module files
[6.619s] Level 1:colcon.colcon_core.environment:checking '/root/BFMC_workspace/files/ros/install/traffic_light_plugin' for CMake config files
[6.619s] Level 1:colcon.colcon_core.shell:create_environment_hook('traffic_light_plugin', 'cmake_prefix_path')
[6.619s] INFO:colcon.colcon_core.shell:Creating environment hook '/root/BFMC_workspace/files/ros/install/traffic_light_plugin/share/traffic_light_plugin/hook/cmake_prefix_path.ps1'
[6.620s] INFO:colcon.colcon_core.shell:Creating environment descriptor '/root/BFMC_workspace/files/ros/install/traffic_light_plugin/share/traffic_light_plugin/hook/cmake_prefix_path.dsv'
[6.620s] INFO:colcon.colcon_core.shell:Creating environment hook '/root/BFMC_workspace/files/ros/install/traffic_light_plugin/share/traffic_light_plugin/hook/cmake_prefix_path.sh'
[6.620s] Level 1:colcon.colcon_core.environment:checking '/root/BFMC_workspace/files/ros/install/traffic_light_plugin/lib'
[6.620s] Level 1:colcon.colcon_core.environment:checking '/root/BFMC_workspace/files/ros/install/traffic_light_plugin/bin'
[6.620s] Level 1:colcon.colcon_core.environment:checking '/root/BFMC_workspace/files/ros/install/traffic_light_plugin/lib/pkgconfig/traffic_light_plugin.pc'
[6.620s] Level 1:colcon.colcon_core.environment:checking '/root/BFMC_workspace/files/ros/install/traffic_light_plugin/lib/python3.10/site-packages'
[6.620s] Level 1:colcon.colcon_core.environment:checking '/root/BFMC_workspace/files/ros/install/traffic_light_plugin/bin'
[6.621s] INFO:colcon.colcon_core.shell:Creating package script '/root/BFMC_workspace/files/ros/install/traffic_light_plugin/share/traffic_light_plugin/package.ps1'
[6.622s] INFO:colcon.colcon_core.shell:Creating package descriptor '/root/BFMC_workspace/files/ros/install/traffic_light_plugin/share/traffic_light_plugin/package.dsv'
[6.622s] INFO:colcon.colcon_core.shell:Creating package script '/root/BFMC_workspace/files/ros/install/traffic_light_plugin/share/traffic_light_plugin/package.sh'
[6.623s] INFO:colcon.colcon_core.shell:Creating package script '/root/BFMC_workspace/files/ros/install/traffic_light_plugin/share/traffic_light_plugin/package.bash'
[6.623s] INFO:colcon.colcon_core.shell:Creating package script '/root/BFMC_workspace/files/ros/install/traffic_light_plugin/share/traffic_light_plugin/package.zsh'
[6.623s] Level 1:colcon.colcon_core.environment:create_file_with_runtime_dependencies(/root/BFMC_workspace/files/ros/install/traffic_light_plugin/share/colcon-core/packages/traffic_light_plugin)
[6.623s] DEBUG:colcon.colcon_parallel_executor.executor.parallel:closing loop
[6.623s] DEBUG:colcon.colcon_parallel_executor.executor.parallel:loop closed
[6.623s] DEBUG:colcon.colcon_parallel_executor.executor.parallel:run_until_complete finished with '0'
[6.623s] DEBUG:colcon.colcon_core.event_reactor:joining thread
[6.643s] INFO:colcon.colcon_core.plugin_system:Skipping extension 'colcon_notification.desktop_notification.notify_send': Could not find 'notify-send'
[6.643s] INFO:colcon.colcon_core.plugin_system:Skipping extension 'colcon_notification.desktop_notification.terminal_notifier': Not used on non-Darwin systems
[6.643s] INFO:colcon.colcon_core.plugin_system:Skipping extension 'colcon_notification.desktop_notification.win32': Not used on non-Windows systems
[6.643s] INFO:colcon.colcon_notification.desktop_notification:Sending desktop notification using 'notify2'
[6.646s] DEBUG:colcon.colcon_notification.desktop_notification.notify2:Failed to initialize notify2: org.freedesktop.DBus.Error.Spawn.ExecFailed: /usr/bin/dbus-launch terminated abnormally without any error message
[6.646s] DEBUG:colcon.colcon_core.event_reactor:joined thread
[6.646s] INFO:colcon.colcon_core.shell:Creating prefix script '/root/BFMC_workspace/files/ros/install/local_setup.ps1'
[6.647s] INFO:colcon.colcon_core.shell:Creating prefix util module '/root/BFMC_workspace/files/ros/install/_local_setup_util_ps1.py'
[6.648s] INFO:colcon.colcon_core.shell:Creating prefix chain script '/root/BFMC_workspace/files/ros/install/setup.ps1'
[6.649s] INFO:colcon.colcon_core.shell:Creating prefix script '/root/BFMC_workspace/files/ros/install/local_setup.sh'
[6.649s] INFO:colcon.colcon_core.shell:Creating prefix util module '/root/BFMC_workspace/files/ros/install/_local_setup_util_sh.py'
[6.650s] INFO:colcon.colcon_core.shell:Creating prefix chain script '/root/BFMC_workspace/files/ros/install/setup.sh'
[6.650s] INFO:colcon.colcon_core.shell:Creating prefix script '/root/BFMC_workspace/files/ros/install/local_setup.bash'
[6.650s] INFO:colcon.colcon_core.shell:Creating prefix chain script '/root/BFMC_workspace/files/ros/install/setup.bash'
[6.651s] INFO:colcon.colcon_core.shell:Creating prefix script '/root/BFMC_workspace/files/ros/install/local_setup.zsh'
[6.651s] INFO:colcon.colcon_core.shell:Creating prefix chain script '/root/BFMC_workspace/files/ros/install/setup.zsh'
