running egg_info
creating ../../build/car_brain/car_brain.egg-info
writing ../../build/car_brain/car_brain.egg-info/PKG-INFO
writing dependency_links to ../../build/car_brain/car_brain.egg-info/dependency_links.txt
writing entry points to ../../build/car_brain/car_brain.egg-info/entry_points.txt
writing requirements to ../../build/car_brain/car_brain.egg-info/requires.txt
writing top-level names to ../../build/car_brain/car_brain.egg-info/top_level.txt
writing manifest file '../../build/car_brain/car_brain.egg-info/SOURCES.txt'
reading manifest file '../../build/car_brain/car_brain.egg-info/SOURCES.txt'
writing manifest file '../../build/car_brain/car_brain.egg-info/SOURCES.txt'
running build
running build_py
creating /root/BFMC_workspace/files/ros/build/car_brain/build
creating /root/BFMC_workspace/files/ros/build/car_brain/build/lib
creating /root/BFMC_workspace/files/ros/build/car_brain/build/lib/car_brain
copying car_brain/__init__.py -> /root/BFMC_workspace/files/ros/build/car_brain/build/lib/car_brain
running install
running install_lib
creating /root/BFMC_workspace/files/ros/install/car_brain/lib/python3.10/site-packages/car_brain
copying /root/BFMC_workspace/files/ros/build/car_brain/build/lib/car_brain/__init__.py -> /root/BFMC_workspace/files/ros/install/car_brain/lib/python3.10/site-packages/car_brain
byte-compiling /root/BFMC_workspace/files/ros/install/car_brain/lib/python3.10/site-packages/car_brain/__init__.py to __init__.cpython-310.pyc
running install_data
creating /root/BFMC_workspace/files/ros/install/car_brain/share/ament_index
creating /root/BFMC_workspace/files/ros/install/car_brain/share/ament_index/resource_index
creating /root/BFMC_workspace/files/ros/install/car_brain/share/ament_index/resource_index/packages
copying resource/car_brain -> /root/BFMC_workspace/files/ros/install/car_brain/share/ament_index/resource_index/packages
copying package.xml -> /root/BFMC_workspace/files/ros/install/car_brain/share/car_brain
creating /root/BFMC_workspace/files/ros/install/car_brain/share/car_brain/launch
copying launch/sim_launch.py -> /root/BFMC_workspace/files/ros/install/car_brain/share/car_brain/launch
running install_egg_info
Copying ../../build/car_brain/car_brain.egg-info to /root/BFMC_workspace/files/ros/install/car_brain/lib/python3.10/site-packages/car_brain-0.0.0-py3.10.egg-info
running install_scripts
writing list of installed files to '/root/BFMC_workspace/files/ros/build/car_brain/install.log'
