[0.312s] Invoking command in '/home/ros_dev/BFMC_workspace/files/ros/src/car_brain': PYTHONPATH=/home/ros_dev/BFMC_workspace/files/ros/build/car_brain/prefix_override:/usr/lib/python3/dist-packages/colcon_core/task/python/colcon_distutils_commands:/home/ros_dev/BFMC_workspace/files/ros/install/car_brain/lib/python3.10/site-packages:${PYTHONPATH} /usr/bin/python3 -W ignore:setup.py install is deprecated -W ignore:easy_install command is deprecated setup.py egg_info --egg-base ../../build/car_brain build --build-base /home/ros_dev/BFMC_workspace/files/ros/build/car_brain/build install --record /home/ros_dev/BFMC_workspace/files/ros/build/car_brain/install.log --single-version-externally-managed install_data
[0.426s] running egg_info
[0.427s] creating ../../build/car_brain/car_brain.egg-info
[0.427s] writing ../../build/car_brain/car_brain.egg-info/PKG-INFO
[0.427s] writing dependency_links to ../../build/car_brain/car_brain.egg-info/dependency_links.txt
[0.427s] writing entry points to ../../build/car_brain/car_brain.egg-info/entry_points.txt
[0.427s] writing requirements to ../../build/car_brain/car_brain.egg-info/requires.txt
[0.427s] writing top-level names to ../../build/car_brain/car_brain.egg-info/top_level.txt
[0.427s] writing manifest file '../../build/car_brain/car_brain.egg-info/SOURCES.txt'
[0.428s] reading manifest file '../../build/car_brain/car_brain.egg-info/SOURCES.txt'
[0.428s] writing manifest file '../../build/car_brain/car_brain.egg-info/SOURCES.txt'
[0.428s] running build
[0.429s] running build_py
[0.429s] creating /home/ros_dev/BFMC_workspace/files/ros/build/car_brain/build
[0.429s] creating /home/ros_dev/BFMC_workspace/files/ros/build/car_brain/build/lib
[0.429s] creating /home/ros_dev/BFMC_workspace/files/ros/build/car_brain/build/lib/car_brain
[0.429s] copying car_brain/__init__.py -> /home/ros_dev/BFMC_workspace/files/ros/build/car_brain/build/lib/car_brain
[0.429s] running install
[0.429s] running install_lib
[0.429s] creating /home/ros_dev/BFMC_workspace/files/ros/install/car_brain/lib/python3.10/site-packages/car_brain
[0.430s] copying /home/ros_dev/BFMC_workspace/files/ros/build/car_brain/build/lib/car_brain/__init__.py -> /home/ros_dev/BFMC_workspace/files/ros/install/car_brain/lib/python3.10/site-packages/car_brain
[0.430s] byte-compiling /home/ros_dev/BFMC_workspace/files/ros/install/car_brain/lib/python3.10/site-packages/car_brain/__init__.py to __init__.cpython-310.pyc
[0.430s] running install_data
[0.430s] creating /home/ros_dev/BFMC_workspace/files/ros/install/car_brain/share/ament_index
[0.430s] creating /home/ros_dev/BFMC_workspace/files/ros/install/car_brain/share/ament_index/resource_index
[0.430s] creating /home/ros_dev/BFMC_workspace/files/ros/install/car_brain/share/ament_index/resource_index/packages
[0.430s] copying resource/car_brain -> /home/ros_dev/BFMC_workspace/files/ros/install/car_brain/share/ament_index/resource_index/packages
[0.430s] copying package.xml -> /home/ros_dev/BFMC_workspace/files/ros/install/car_brain/share/car_brain
[0.430s] creating /home/ros_dev/BFMC_workspace/files/ros/install/car_brain/share/car_brain/launch
[0.430s] copying launch/sim_launch.py -> /home/ros_dev/BFMC_workspace/files/ros/install/car_brain/share/car_brain/launch
[0.431s] running install_egg_info
[0.432s] Copying ../../build/car_brain/car_brain.egg-info to /home/ros_dev/BFMC_workspace/files/ros/install/car_brain/lib/python3.10/site-packages/car_brain-0.0.0-py3.10.egg-info
[0.432s] running install_scripts
[0.444s] writing list of installed files to '/home/ros_dev/BFMC_workspace/files/ros/build/car_brain/install.log'
[0.460s] Invoked command in '/home/ros_dev/BFMC_workspace/files/ros/src/car_brain' returned '0': PYTHONPATH=/home/ros_dev/BFMC_workspace/files/ros/build/car_brain/prefix_override:/usr/lib/python3/dist-packages/colcon_core/task/python/colcon_distutils_commands:/home/ros_dev/BFMC_workspace/files/ros/install/car_brain/lib/python3.10/site-packages:${PYTHONPATH} /usr/bin/python3 -W ignore:setup.py install is deprecated -W ignore:easy_install command is deprecated setup.py egg_info --egg-base ../../build/car_brain build --build-base /home/ros_dev/BFMC_workspace/files/ros/build/car_brain/build install --record /home/ros_dev/BFMC_workspace/files/ros/build/car_brain/install.log --single-version-externally-managed install_data
