[0.147s] Invoking command in '/root/BFMC_workspace/files/ros/build/traffic_light_plugin': CMAKE_PREFIX_PATH=/opt/ros/humble /usr/bin/cmake /root/BFMC_workspace/files/ros/src/traffic_light_plugin -DCMAKE_INSTALL_PREFIX=/root/BFMC_workspace/files/ros/install/traffic_light_plugin
[0.205s] -- The C compiler identification is GNU 11.4.0
[0.246s] -- The CXX compiler identification is GNU 11.4.0
[0.252s] -- Detecting C compiler ABI info
[0.311s] -- Detecting C compiler ABI info - done
[0.316s] -- Check for working C compiler: /usr/bin/cc - skipped
[0.316s] -- Detecting C compile features
[0.316s] -- Detecting C compile features - done
[0.318s] -- Detecting CXX compiler ABI info
[0.380s] -- Detecting CXX compiler ABI info - done
[0.386s] -- Check for working CXX compiler: /usr/bin/c++ - skipped
[0.386s] -- Detecting CXX compile features
[0.386s] -- Detecting CXX compile features - done
[0.389s] -- Found ament_cmake: 1.3.12 (/opt/ros/humble/share/ament_cmake/cmake)
[0.496s] -- Found Python3: /usr/bin/python3 (found version "3.10.12") found components: Interpreter 
[0.567s] -- Looking for ignition-gazebo6 -- found version 6.16.0
[0.575s] -- Searching for dependencies of ignition-gazebo6
[0.578s] -- Looking for sdformat12 -- found version 12.7.2
[0.578s] -- Searching for dependencies of sdformat12
[0.583s] -- Checking for module 'tinyxml2'
[0.593s] --   Found tinyxml2, version 9.0.0
[0.624s] -- Looking for ignition-math6 -- found version 6.15.1
[0.624s] -- Searching for dependencies of ignition-math6
[0.626s] -- Looking for ignition-utils1 -- found version 1.5.1
[0.626s] -- Searching for dependencies of ignition-utils1
[0.630s] -- Looking for ignition-plugin1 -- found version 1.4.0
[0.630s] -- Searching for dependencies of ignition-plugin1
[0.631s] -- Searching for <ignition-plugin1> component [loader]
[0.632s] -- Looking for ignition-plugin1-loader -- found version 1.4.0
[0.633s] -- Searching for dependencies of ignition-plugin1-loader
[0.633s] -- Searching for <ignition-plugin1> component [register]
[0.635s] -- Looking for ignition-plugin1-register -- found version 1.4.0
[0.635s] -- Searching for dependencies of ignition-plugin1-register
[0.638s] -- Looking for ignition-transport11 -- found version 11.4.1
[0.638s] -- Searching for dependencies of ignition-transport11
[0.782s] -- Found Protobuf: /usr/lib/x86_64-linux-gnu/libprotobuf.so (found version "3.12.4") 
[0.792s] -- Config-file not installed for ZeroMQ -- checking for pkg-config
[0.795s] -- Checking for module 'libzmq >= 4'
[0.809s] --   Found libzmq , version 4.3.4
[0.839s] -- Found ZeroMQ: TRUE (Required is at least version "4") 
[0.843s] -- Checking for module 'uuid'
[0.853s] --   Found uuid, version 2.37.2
[0.880s] -- Found UUID: TRUE  
[0.880s] -- Looking for ignition-utils1 -- found version 1.5.1
[0.881s] -- Searching for dependencies of ignition-utils1
[0.881s] -- Searching for <ignition-utils1> component [cli]
[0.885s] -- Looking for ignition-utils1-cli -- found version 1.5.1
[0.885s] -- Searching for dependencies of ignition-utils1-cli
[0.887s] -- Looking for ignition-msgs8 -- found version 8.7.0
[0.888s] -- Searching for dependencies of ignition-msgs8
[0.903s] -- Found Protobuf: /usr/lib/x86_64-linux-gnu/libprotobuf.so (found suitable version "3.12.4", minimum required is "3") 
[0.904s] -- Looking for ignition-math6 -- found version 6.15.1
[0.913s] -- Searching for <ignition-transport11> component [log]
[0.915s] -- Looking for ignition-transport11-log -- found version 11.4.1
[0.915s] -- Searching for dependencies of ignition-transport11-log
[0.916s] -- Searching for <ignition-transport11> component [parameters]
[0.917s] -- Looking for ignition-transport11-parameters -- found version 11.4.1
[0.918s] -- Searching for dependencies of ignition-transport11-parameters
[0.918s] -- Looking for ignition-msgs8 -- found version 8.7.0
[0.920s] -- Looking for ignition-common4 -- found version 4.7.0
[0.920s] -- Searching for dependencies of ignition-common4
[0.921s] -- Looking for dlfcn.h - found
[0.921s] -- Looking for libdl - found
[0.922s] -- Found DL: TRUE  
[0.928s] -- Searching for <ignition-common4> component [profiler]
[0.930s] -- Looking for ignition-common4-profiler -- found version 4.7.0
[0.930s] -- Searching for dependencies of ignition-common4-profiler
[0.931s] -- Searching for <ignition-common4> component [events]
[0.933s] -- Looking for ignition-common4-events -- found version 4.7.0
[0.933s] -- Searching for dependencies of ignition-common4-events
[0.933s] -- Looking for ignition-math6 -- found version 6.15.1
[0.934s] -- Searching for <ignition-common4> component [av]
[0.936s] -- Looking for ignition-common4-av -- found version 4.7.0
[0.936s] -- Searching for dependencies of ignition-common4-av
[0.940s] -- Checking for module 'libswscale'
[0.952s] --   Found libswscale, version 5.9.100
[0.985s] -- Found SWSCALE: TRUE  
[0.989s] -- Checking for module 'libavdevice >= 56.4.100'
[1.001s] --   Found libavdevice , version 58.13.100
[1.034s] -- Found AVDEVICE: TRUE (Required is at least version "56.4.100") 
[1.038s] -- Checking for module 'libavformat'
[1.049s] --   Found libavformat, version 58.76.100
[1.078s] -- Found AVFORMAT: TRUE  
[1.082s] -- Checking for module 'libavcodec'
[1.093s] --   Found libavcodec, version 58.134.100
[1.125s] -- Found AVCODEC: TRUE  
[1.130s] -- Checking for module 'libavutil'
[1.141s] --   Found libavutil, version 56.70.100
[1.169s] -- Found AVUTIL: TRUE  
[1.175s] -- Looking for ignition-fuel_tools7 -- found version 7.3.0
[1.175s] -- Searching for dependencies of ignition-fuel_tools7
[1.243s] -- Found CURL: /usr/lib/x86_64-linux-gnu/libcurl.so (found version "7.81.0")  
[1.251s] -- Checking for module 'jsoncpp'
[1.264s] --   Found jsoncpp, version 1.9.5
[1.296s] -- Found JSONCPP: TRUE  
[1.303s] -- Checking for module 'libzip'
[1.315s] --   Found libzip, version 1.7.3
[1.347s] -- Found ZIP: TRUE  
[1.347s] -- Looking for ignition-common4 -- found version 4.7.0
[1.347s] -- Looking for ignition-math6 -- found version 6.15.1
[1.348s] -- Looking for ignition-msgs8 -- found version 8.7.0
[1.352s] -- Looking for ignition-gui6 -- found version 6.8.0
[1.352s] -- Searching for dependencies of ignition-gui6
[1.374s] -- Looking for ignition-math6 -- found version 6.15.1
[1.375s] -- Looking for ignition-common4 -- found version 4.7.0
[1.375s] -- Looking for ignition-plugin1 -- found version 1.4.0
[1.375s] -- Looking for ignition-transport11 -- found version 11.4.1
[1.378s] -- Looking for ignition-rendering6 -- found version 6.6.3
[1.378s] -- Searching for dependencies of ignition-rendering6
[1.378s] -- Looking for ignition-math6 -- found version 6.15.1
[1.379s] -- Searching for dependencies of ignition-math6
[1.379s] -- Searching for <ignition-math6> component [eigen3]
[1.381s] -- Looking for ignition-math6-eigen3 -- found version 6.15.1
[1.381s] -- Searching for dependencies of ignition-math6-eigen3
[1.387s] -- Looking for ignition-common4 -- found version 4.7.0
[1.388s] -- Searching for dependencies of ignition-common4
[1.388s] -- Looking for dlfcn.h - found
[1.388s] -- Looking for libdl - found
[1.395s] -- Searching for <ignition-common4> component [graphics]
[1.397s] -- Looking for ignition-common4-graphics -- found version 4.7.0
[1.398s] -- Searching for dependencies of ignition-common4-graphics
[1.398s] -- Looking for ignition-math6 -- found version 6.15.1
[1.398s] -- Looking for ignition-utils1 -- found version 1.5.1
[1.399s] -- Searching for <ignition-common4> component [events]
[1.399s] -- Looking for ignition-plugin1 -- found version 1.4.0
[1.399s] -- Searching for dependencies of ignition-plugin1
[1.399s] -- Searching for <ignition-plugin1> component [all]
[1.401s] -- Looking for all libraries of ignition-plugin1 -- found version 1.4.0
[1.402s] -- Looking for ignition-plugin1 -- found version 1.4.0
[1.403s] -- Looking for ignition-msgs8 -- found version 8.7.0
[1.421s] -- Looking for ignition-physics5 -- found version 5.3.2
[1.421s] -- Searching for dependencies of ignition-physics5
[1.422s] -- Looking for ignition-math6 -- found version 6.15.1
[1.422s] -- Looking for ignition-plugin1 -- found version 1.4.0
[1.422s] -- Looking for ignition-utils1 -- found version 1.5.1
[1.423s] -- Searching for <ignition-physics5> component [heightmap]
[1.425s] -- Looking for ignition-physics5-heightmap -- found version 5.3.2
[1.425s] -- Searching for dependencies of ignition-physics5-heightmap
[1.425s] -- Looking for ignition-common4 -- found version 4.7.0
[1.426s] -- Searching for <ignition-physics5> component [mesh]
[1.428s] -- Looking for ignition-physics5-mesh -- found version 5.3.2
[1.428s] -- Searching for dependencies of ignition-physics5-mesh
[1.428s] -- Looking for ignition-common4 -- found version 4.7.0
[1.428s] -- Searching for <ignition-physics5> component [sdf]
[1.430s] -- Looking for ignition-physics5-sdf -- found version 5.3.2
[1.430s] -- Searching for dependencies of ignition-physics5-sdf
[1.431s] -- Looking for sdformat12 -- found version 12.7.2
[1.433s] -- Looking for ignition-sensors6 -- found version 6.8.0
[1.433s] -- Searching for dependencies of ignition-sensors6
[1.449s] -- Found Protobuf: /usr/lib/x86_64-linux-gnu/libprotobuf.so (found version "3.12.4") 
[1.450s] -- Looking for ignition-math6 -- found version 6.15.1
[1.450s] -- Looking for ignition-common4 -- found version 4.7.0
[1.450s] -- Looking for ignition-transport11 -- found version 11.4.1
[1.450s] -- Looking for ignition-rendering6 -- found version 6.6.3
[1.451s] -- Looking for ignition-msgs8 -- found version 8.7.0
[1.451s] -- Looking for sdformat12 -- found version 12.7.2
[1.452s] -- Searching for <ignition-sensors6> component [air_pressure]
[1.453s] -- Looking for ignition-sensors6-air_pressure -- found version 6.8.0
[1.454s] -- Searching for dependencies of ignition-sensors6-air_pressure
[1.454s] -- Searching for <ignition-sensors6> component [altimeter]
[1.456s] -- Looking for ignition-sensors6-altimeter -- found version 6.8.0
[1.456s] -- Searching for dependencies of ignition-sensors6-altimeter
[1.456s] -- Searching for <ignition-sensors6> component [imu]
[1.458s] -- Looking for ignition-sensors6-imu -- found version 6.8.0
[1.459s] -- Searching for dependencies of ignition-sensors6-imu
[1.459s] -- Searching for <ignition-sensors6> component [force_torque]
[1.461s] -- Looking for ignition-sensors6-force_torque -- found version 6.8.0
[1.461s] -- Searching for dependencies of ignition-sensors6-force_torque
[1.462s] -- Searching for <ignition-sensors6> component [logical_camera]
[1.463s] -- Looking for ignition-sensors6-logical_camera -- found version 6.8.0
[1.464s] -- Searching for dependencies of ignition-sensors6-logical_camera
[1.464s] -- Searching for <ignition-sensors6> component [magnetometer]
[1.466s] -- Looking for ignition-sensors6-magnetometer -- found version 6.8.0
[1.466s] -- Searching for dependencies of ignition-sensors6-magnetometer
[1.466s] -- Searching for <ignition-sensors6> component [navsat]
[1.468s] -- Looking for ignition-sensors6-navsat -- found version 6.8.0
[1.468s] -- Searching for dependencies of ignition-sensors6-navsat
[1.469s] -- Searching for <ignition-sensors6> component [rendering]
[1.471s] -- Looking for ignition-sensors6-rendering -- found version 6.8.0
[1.471s] -- Searching for dependencies of ignition-sensors6-rendering
[1.471s] -- Searching for <ignition-sensors6> component [lidar]
[1.473s] -- Looking for ignition-sensors6-lidar -- found version 6.8.0
[1.473s] -- Searching for dependencies of ignition-sensors6-lidar
[1.473s] -- Looking for ignition-sensors6 -- found version 6.8.0
[1.474s] -- Searching for <ignition-sensors6> component [gpu_lidar]
[1.476s] -- Looking for ignition-sensors6-gpu_lidar -- found version 6.8.0
[1.476s] -- Searching for dependencies of ignition-sensors6-gpu_lidar
[1.476s] -- Looking for ignition-sensors6 -- found version 6.8.0
[1.477s] -- Searching for <ignition-sensors6> component [camera]
[1.479s] -- Looking for ignition-sensors6-camera -- found version 6.8.0
[1.479s] -- Searching for dependencies of ignition-sensors6-camera
[1.479s] -- Looking for ignition-sensors6 -- found version 6.8.0
[1.479s] -- Searching for <ignition-sensors6> component [boundingbox_camera]
[1.481s] -- Looking for ignition-sensors6-boundingbox_camera -- found version 6.8.0
[1.482s] -- Searching for dependencies of ignition-sensors6-boundingbox_camera
[1.483s] -- Searching for <ignition-sensors6> component [segmentation_camera]
[1.485s] -- Looking for ignition-sensors6-segmentation_camera -- found version 6.8.0
[1.485s] -- Searching for dependencies of ignition-sensors6-segmentation_camera
[1.485s] -- Searching for <ignition-sensors6> component [depth_camera]
[1.487s] -- Looking for ignition-sensors6-depth_camera -- found version 6.8.0
[1.488s] -- Searching for dependencies of ignition-sensors6-depth_camera
[1.488s] -- Looking for ignition-sensors6 -- found version 6.8.0
[1.488s] -- Searching for <ignition-sensors6> component [rgbd_camera]
[1.491s] -- Looking for ignition-sensors6-rgbd_camera -- found version 6.8.0
[1.491s] -- Searching for dependencies of ignition-sensors6-rgbd_camera
[1.491s] -- Looking for ignition-sensors6 -- found version 6.8.0
[1.492s] -- Searching for <ignition-sensors6> component [thermal_camera]
[1.494s] -- Looking for ignition-sensors6-thermal_camera -- found version 6.8.0
[1.494s] -- Searching for dependencies of ignition-sensors6-thermal_camera
[1.494s] -- Looking for ignition-sensors6 -- found version 6.8.0
[1.495s] -- Looking for ignition-rendering6 -- found version 6.6.3
[1.495s] -- Looking for ignition-math6 -- found version 6.15.1
[1.497s] -- Looking for ignition-utils1 -- found version 1.5.1
[1.517s] -- Looking for ignition-plugin1 -- found version 1.4.0
[1.562s] -- Configuring done
[1.577s] -- Generating done
[1.579s] -- Build files have been written to: /root/BFMC_workspace/files/ros/build/traffic_light_plugin
[1.587s] Invoked command in '/root/BFMC_workspace/files/ros/build/traffic_light_plugin' returned '0': CMAKE_PREFIX_PATH=/opt/ros/humble /usr/bin/cmake /root/BFMC_workspace/files/ros/src/traffic_light_plugin -DCMAKE_INSTALL_PREFIX=/root/BFMC_workspace/files/ros/install/traffic_light_plugin
[1.589s] Invoking command in '/root/BFMC_workspace/files/ros/build/traffic_light_plugin': CMAKE_PREFIX_PATH=/opt/ros/humble /usr/bin/cmake --build /root/BFMC_workspace/files/ros/build/traffic_light_plugin -- -j16 -l16
[1.633s] [ 50%] [32mBuilding CXX object CMakeFiles/TrafficLightPlugin.dir/src/TrafficLightPlugin.cpp.o[0m
[6.109s] [100%] [32m[1mLinking CXX shared library libTrafficLightPlugin.so[0m
[6.338s] [100%] Built target TrafficLightPlugin
[6.346s] Invoked command in '/root/BFMC_workspace/files/ros/build/traffic_light_plugin' returned '0': CMAKE_PREFIX_PATH=/opt/ros/humble /usr/bin/cmake --build /root/BFMC_workspace/files/ros/build/traffic_light_plugin -- -j16 -l16
[6.353s] Invoking command in '/root/BFMC_workspace/files/ros/build/traffic_light_plugin': CMAKE_PREFIX_PATH=/opt/ros/humble /usr/bin/cmake --install /root/BFMC_workspace/files/ros/build/traffic_light_plugin
[6.362s] -- Install configuration: ""
[6.362s] -- Installing: /root/BFMC_workspace/files/ros/install/traffic_light_plugin/lib/traffic_light_plugin/libTrafficLightPlugin.so
[6.366s] -- Installing: /root/BFMC_workspace/files/ros/install/traffic_light_plugin/share/ament_index/resource_index/package_run_dependencies/traffic_light_plugin
[6.366s] -- Installing: /root/BFMC_workspace/files/ros/install/traffic_light_plugin/share/ament_index/resource_index/parent_prefix_path/traffic_light_plugin
[6.366s] -- Installing: /root/BFMC_workspace/files/ros/install/traffic_light_plugin/share/traffic_light_plugin/environment/ament_prefix_path.sh
[6.366s] -- Installing: /root/BFMC_workspace/files/ros/install/traffic_light_plugin/share/traffic_light_plugin/environment/ament_prefix_path.dsv
[6.366s] -- Installing: /root/BFMC_workspace/files/ros/install/traffic_light_plugin/share/traffic_light_plugin/environment/path.sh
[6.366s] -- Installing: /root/BFMC_workspace/files/ros/install/traffic_light_plugin/share/traffic_light_plugin/environment/path.dsv
[6.366s] -- Installing: /root/BFMC_workspace/files/ros/install/traffic_light_plugin/share/traffic_light_plugin/local_setup.bash
[6.367s] -- Installing: /root/BFMC_workspace/files/ros/install/traffic_light_plugin/share/traffic_light_plugin/local_setup.sh
[6.367s] -- Installing: /root/BFMC_workspace/files/ros/install/traffic_light_plugin/share/traffic_light_plugin/local_setup.zsh
[6.367s] -- Installing: /root/BFMC_workspace/files/ros/install/traffic_light_plugin/share/traffic_light_plugin/local_setup.dsv
[6.367s] -- Installing: /root/BFMC_workspace/files/ros/install/traffic_light_plugin/share/traffic_light_plugin/package.dsv
[6.367s] -- Installing: /root/BFMC_workspace/files/ros/install/traffic_light_plugin/share/ament_index/resource_index/packages/traffic_light_plugin
[6.367s] -- Installing: /root/BFMC_workspace/files/ros/install/traffic_light_plugin/share/traffic_light_plugin/cmake/traffic_light_pluginConfig.cmake
[6.368s] -- Installing: /root/BFMC_workspace/files/ros/install/traffic_light_plugin/share/traffic_light_plugin/cmake/traffic_light_pluginConfig-version.cmake
[6.368s] -- Installing: /root/BFMC_workspace/files/ros/install/traffic_light_plugin/share/traffic_light_plugin/package.xml
[6.369s] Invoked command in '/root/BFMC_workspace/files/ros/build/traffic_light_plugin' returned '0': CMAKE_PREFIX_PATH=/opt/ros/humble /usr/bin/cmake --install /root/BFMC_workspace/files/ros/build/traffic_light_plugin
