[0.067s] DEBUG:colcon:Command line arguments: ['/usr/bin/colcon', 'build']
[0.067s] DEBUG:colcon:Parsed command line arguments: Namespace(log_base=None, log_level=None, verb_name='build', build_base='build', install_base='install', merge_install=False, symlink_install=False, test_result_base=None, continue_on_error=False, executor='parallel', parallel_workers=16, event_handlers=None, ignore_user_meta=False, metas=['./colcon.meta'], base_paths=['.'], packages_ignore=None, packages_ignore_regex=None, paths=None, packages_up_to=None, packages_up_to_regex=None, packages_above=None, packages_above_and_dependencies=None, packages_above_depth=None, packages_select_by_dep=None, packages_skip_by_dep=None, packages_skip_up_to=None, packages_select_build_failed=False, packages_skip_build_finished=False, packages_select_test_failures=False, packages_skip_test_passed=False, packages_select=None, packages_skip=None, packages_select_regex=None, packages_skip_regex=None, packages_start=None, packages_end=None, cmake_args=None, cmake_target=None, cmake_target_skip_unavailable=False, cmake_clean_cache=False, cmake_clean_first=False, cmake_force_configure=False, ament_cmake_args=None, catkin_cmake_args=None, catkin_skip_building_tests=False, mixin_files=None, mixin=None, verb_parser=<colcon_mixin.mixin.mixin_argument.MixinArgumentDecorator object at 0x7f21515bf6d0>, verb_extension=<colcon_core.verb.build.BuildVerb object at 0x7f21516fc640>, main=<bound method BuildVerb.main of <colcon_core.verb.build.BuildVerb object at 0x7f21516fc640>>, mixin_verb=('build',))
[0.147s] Level 1:colcon.colcon_core.package_discovery:discover_packages(colcon_meta) check parameters
[0.147s] INFO:colcon.colcon_metadata.package_discovery.colcon_meta:Using configuration from '/root/.colcon/metadata/default/Gazebo.meta'
[0.148s] INFO:colcon.colcon_metadata.package_discovery.colcon_meta:Using configuration from '/root/.colcon/metadata/default/fastdds.meta'
[0.148s] INFO:colcon.colcon_metadata.package_discovery.colcon_meta:Using configuration from '/root/.colcon/metadata/default/fastrtps.meta'
[0.148s] Level 1:colcon.colcon_core.package_discovery:discover_packages(recursive) check parameters
[0.148s] Level 1:colcon.colcon_core.package_discovery:discover_packages(ignore) check parameters
[0.148s] Level 1:colcon.colcon_core.package_discovery:discover_packages(path) check parameters
[0.148s] Level 1:colcon.colcon_core.package_discovery:discover_packages(colcon_meta) discover
[0.148s] Level 1:colcon.colcon_core.package_discovery:discover_packages(recursive) discover
[0.148s] INFO:colcon.colcon_core.package_discovery:Crawling recursively for packages in '/home/ros_dev/BFMC_workspace/files/ros'
[0.148s] Level 1:colcon.colcon_core.package_identification:_identify(.) by extensions ['ignore', 'ignore_ament_install']
[0.148s] Level 1:colcon.colcon_core.package_identification:_identify(.) by extension 'ignore'
[0.148s] Level 1:colcon.colcon_core.package_identification:_identify(.) by extension 'ignore_ament_install'
[0.148s] Level 1:colcon.colcon_core.package_identification:_identify(.) by extensions ['colcon_pkg']
[0.148s] Level 1:colcon.colcon_core.package_identification:_identify(.) by extension 'colcon_pkg'
[0.148s] Level 1:colcon.colcon_core.package_identification:_identify(.) by extensions ['colcon_meta']
[0.148s] Level 1:colcon.colcon_core.package_identification:_identify(.) by extension 'colcon_meta'
[0.148s] Level 1:colcon.colcon_core.package_identification:_identify(.) by extensions ['ros']
[0.148s] Level 1:colcon.colcon_core.package_identification:_identify(.) by extension 'ros'
[0.155s] Level 1:colcon.colcon_core.package_identification:_identify(.) by extensions ['cmake', 'python']
[0.155s] Level 1:colcon.colcon_core.package_identification:_identify(.) by extension 'cmake'
[0.155s] Level 1:colcon.colcon_core.package_identification:_identify(.) by extension 'python'
[0.155s] Level 1:colcon.colcon_core.package_identification:_identify(.) by extensions ['python_setup_py']
[0.155s] Level 1:colcon.colcon_core.package_identification:_identify(.) by extension 'python_setup_py'
[0.155s] Level 1:colcon.colcon_core.package_identification:_identify(build) by extensions ['ignore', 'ignore_ament_install']
[0.155s] Level 1:colcon.colcon_core.package_identification:_identify(build) by extension 'ignore'
[0.155s] Level 1:colcon.colcon_core.package_identification:_identify(build) ignored
[0.155s] Level 1:colcon.colcon_core.package_identification:_identify(install) by extensions ['ignore', 'ignore_ament_install']
[0.155s] Level 1:colcon.colcon_core.package_identification:_identify(install) by extension 'ignore'
[0.155s] Level 1:colcon.colcon_core.package_identification:_identify(install) ignored
[0.155s] Level 1:colcon.colcon_core.package_identification:_identify(log) by extensions ['ignore', 'ignore_ament_install']
[0.155s] Level 1:colcon.colcon_core.package_identification:_identify(log) by extension 'ignore'
[0.155s] Level 1:colcon.colcon_core.package_identification:_identify(log) ignored
[0.155s] Level 1:colcon.colcon_core.package_identification:_identify(src) by extensions ['ignore', 'ignore_ament_install']
[0.156s] Level 1:colcon.colcon_core.package_identification:_identify(src) by extension 'ignore'
[0.156s] Level 1:colcon.colcon_core.package_identification:_identify(src) by extension 'ignore_ament_install'
[0.156s] Level 1:colcon.colcon_core.package_identification:_identify(src) by extensions ['colcon_pkg']
[0.156s] Level 1:colcon.colcon_core.package_identification:_identify(src) by extension 'colcon_pkg'
[0.156s] Level 1:colcon.colcon_core.package_identification:_identify(src) by extensions ['colcon_meta']
[0.156s] Level 1:colcon.colcon_core.package_identification:_identify(src) by extension 'colcon_meta'
[0.156s] Level 1:colcon.colcon_core.package_identification:_identify(src) by extensions ['ros']
[0.156s] Level 1:colcon.colcon_core.package_identification:_identify(src) by extension 'ros'
[0.156s] Level 1:colcon.colcon_core.package_identification:_identify(src) by extensions ['cmake', 'python']
[0.156s] Level 1:colcon.colcon_core.package_identification:_identify(src) by extension 'cmake'
[0.156s] Level 1:colcon.colcon_core.package_identification:_identify(src) by extension 'python'
[0.156s] Level 1:colcon.colcon_core.package_identification:_identify(src) by extensions ['python_setup_py']
[0.156s] Level 1:colcon.colcon_core.package_identification:_identify(src) by extension 'python_setup_py'
[0.156s] Level 1:colcon.colcon_core.package_identification:_identify(src/car_brain) by extensions ['ignore', 'ignore_ament_install']
[0.156s] Level 1:colcon.colcon_core.package_identification:_identify(src/car_brain) by extension 'ignore'
[0.156s] Level 1:colcon.colcon_core.package_identification:_identify(src/car_brain) by extension 'ignore_ament_install'
[0.156s] Level 1:colcon.colcon_core.package_identification:_identify(src/car_brain) by extensions ['colcon_pkg']
[0.156s] Level 1:colcon.colcon_core.package_identification:_identify(src/car_brain) by extension 'colcon_pkg'
[0.156s] Level 1:colcon.colcon_core.package_identification:_identify(src/car_brain) by extensions ['colcon_meta']
[0.156s] Level 1:colcon.colcon_core.package_identification:_identify(src/car_brain) by extension 'colcon_meta'
[0.156s] Level 1:colcon.colcon_core.package_identification:_identify(src/car_brain) by extensions ['ros']
[0.156s] Level 1:colcon.colcon_core.package_identification:_identify(src/car_brain) by extension 'ros'
[0.157s] DEBUG:colcon.colcon_core.package_identification:Package 'src/car_brain' with type 'ros.ament_python' and name 'car_brain'
[0.157s] Level 1:colcon.colcon_core.package_identification:_identify(src/traffic_light_plugin) by extensions ['ignore', 'ignore_ament_install']
[0.157s] Level 1:colcon.colcon_core.package_identification:_identify(src/traffic_light_plugin) by extension 'ignore'
[0.157s] Level 1:colcon.colcon_core.package_identification:_identify(src/traffic_light_plugin) by extension 'ignore_ament_install'
[0.157s] Level 1:colcon.colcon_core.package_identification:_identify(src/traffic_light_plugin) by extensions ['colcon_pkg']
[0.157s] Level 1:colcon.colcon_core.package_identification:_identify(src/traffic_light_plugin) by extension 'colcon_pkg'
[0.157s] Level 1:colcon.colcon_core.package_identification:_identify(src/traffic_light_plugin) by extensions ['colcon_meta']
[0.157s] Level 1:colcon.colcon_core.package_identification:_identify(src/traffic_light_plugin) by extension 'colcon_meta'
[0.157s] Level 1:colcon.colcon_core.package_identification:_identify(src/traffic_light_plugin) by extensions ['ros']
[0.157s] Level 1:colcon.colcon_core.package_identification:_identify(src/traffic_light_plugin) by extension 'ros'
[0.158s] DEBUG:colcon.colcon_core.package_identification:Package 'src/traffic_light_plugin' with type 'ros.ament_cmake' and name 'traffic_light_plugin'
[0.158s] Level 1:colcon.colcon_core.package_discovery:discover_packages(recursive) using defaults
[0.158s] Level 1:colcon.colcon_core.package_discovery:discover_packages(ignore) discover
[0.158s] Level 1:colcon.colcon_core.package_discovery:discover_packages(ignore) using defaults
[0.158s] Level 1:colcon.colcon_core.package_discovery:discover_packages(path) discover
[0.158s] Level 1:colcon.colcon_core.package_discovery:discover_packages(path) using defaults
[0.169s] Level 5:colcon.colcon_core.verb:set package 'car_brain' build argument 'cmake_args' from command line to 'None'
[0.169s] Level 5:colcon.colcon_core.verb:set package 'car_brain' build argument 'cmake_target' from command line to 'None'
[0.169s] Level 5:colcon.colcon_core.verb:set package 'car_brain' build argument 'cmake_target_skip_unavailable' from command line to 'False'
[0.169s] Level 5:colcon.colcon_core.verb:set package 'car_brain' build argument 'cmake_clean_cache' from command line to 'False'
[0.169s] Level 5:colcon.colcon_core.verb:set package 'car_brain' build argument 'cmake_clean_first' from command line to 'False'
[0.169s] Level 5:colcon.colcon_core.verb:set package 'car_brain' build argument 'cmake_force_configure' from command line to 'False'
[0.169s] Level 5:colcon.colcon_core.verb:set package 'car_brain' build argument 'ament_cmake_args' from command line to 'None'
[0.169s] Level 5:colcon.colcon_core.verb:set package 'car_brain' build argument 'catkin_cmake_args' from command line to 'None'
[0.169s] Level 5:colcon.colcon_core.verb:set package 'car_brain' build argument 'catkin_skip_building_tests' from command line to 'False'
[0.169s] DEBUG:colcon.colcon_core.verb:Building package 'car_brain' with the following arguments: {'ament_cmake_args': None, 'build_base': '/home/ros_dev/BFMC_workspace/files/ros/build/car_brain', 'catkin_cmake_args': None, 'catkin_skip_building_tests': False, 'cmake_args': None, 'cmake_clean_cache': False, 'cmake_clean_first': False, 'cmake_force_configure': False, 'cmake_target': None, 'cmake_target_skip_unavailable': False, 'install_base': '/home/ros_dev/BFMC_workspace/files/ros/install/car_brain', 'merge_install': False, 'path': '/home/ros_dev/BFMC_workspace/files/ros/src/car_brain', 'symlink_install': False, 'test_result_base': None}
[0.169s] Level 5:colcon.colcon_core.verb:set package 'traffic_light_plugin' build argument 'cmake_args' from command line to 'None'
[0.169s] Level 5:colcon.colcon_core.verb:set package 'traffic_light_plugin' build argument 'cmake_target' from command line to 'None'
[0.169s] Level 5:colcon.colcon_core.verb:set package 'traffic_light_plugin' build argument 'cmake_target_skip_unavailable' from command line to 'False'
[0.169s] Level 5:colcon.colcon_core.verb:set package 'traffic_light_plugin' build argument 'cmake_clean_cache' from command line to 'False'
[0.169s] Level 5:colcon.colcon_core.verb:set package 'traffic_light_plugin' build argument 'cmake_clean_first' from command line to 'False'
[0.169s] Level 5:colcon.colcon_core.verb:set package 'traffic_light_plugin' build argument 'cmake_force_configure' from command line to 'False'
[0.169s] Level 5:colcon.colcon_core.verb:set package 'traffic_light_plugin' build argument 'ament_cmake_args' from command line to 'None'
[0.169s] Level 5:colcon.colcon_core.verb:set package 'traffic_light_plugin' build argument 'catkin_cmake_args' from command line to 'None'
[0.169s] Level 5:colcon.colcon_core.verb:set package 'traffic_light_plugin' build argument 'catkin_skip_building_tests' from command line to 'False'
[0.169s] DEBUG:colcon.colcon_core.verb:Building package 'traffic_light_plugin' with the following arguments: {'ament_cmake_args': None, 'build_base': '/home/ros_dev/BFMC_workspace/files/ros/build/traffic_light_plugin', 'catkin_cmake_args': None, 'catkin_skip_building_tests': False, 'cmake_args': None, 'cmake_clean_cache': False, 'cmake_clean_first': False, 'cmake_force_configure': False, 'cmake_target': None, 'cmake_target_skip_unavailable': False, 'install_base': '/home/ros_dev/BFMC_workspace/files/ros/install/traffic_light_plugin', 'merge_install': False, 'path': '/home/ros_dev/BFMC_workspace/files/ros/src/traffic_light_plugin', 'symlink_install': False, 'test_result_base': None}
[0.169s] INFO:colcon.colcon_core.executor:Executing jobs using 'parallel' executor
[0.170s] DEBUG:colcon.colcon_parallel_executor.executor.parallel:run_until_complete
[0.170s] INFO:colcon.colcon_ros.task.ament_python.build:Building ROS package in '/home/ros_dev/BFMC_workspace/files/ros/src/car_brain' with build type 'ament_python'
[0.170s] Level 1:colcon.colcon_core.shell:create_environment_hook('car_brain', 'ament_prefix_path')
[0.172s] INFO:colcon.colcon_core.plugin_system:Skipping extension 'colcon_core.shell.bat': Not used on non-Windows systems
[0.172s] INFO:colcon.colcon_core.shell:Creating environment hook '/home/ros_dev/BFMC_workspace/files/ros/install/car_brain/share/car_brain/hook/ament_prefix_path.ps1'
[0.172s] INFO:colcon.colcon_core.shell:Creating environment descriptor '/home/ros_dev/BFMC_workspace/files/ros/install/car_brain/share/car_brain/hook/ament_prefix_path.dsv'
[0.172s] INFO:colcon.colcon_core.shell:Creating environment hook '/home/ros_dev/BFMC_workspace/files/ros/install/car_brain/share/car_brain/hook/ament_prefix_path.sh'
[0.173s] INFO:colcon.colcon_core.shell:Skip shell extension 'powershell' for command environment: Not usable outside of PowerShell
[0.173s] DEBUG:colcon.colcon_core.shell:Skip shell extension 'dsv' for command environment
[0.173s] WARNING:colcon.colcon_ros.prefix_path.ament:The path '/home/ros_dev/BFMC_workspace/files/ros/install/traffic_light_plugin' in the environment variable AMENT_PREFIX_PATH doesn't exist
[0.173s] WARNING:colcon.colcon_ros.prefix_path.ament:The path '/home/ros_dev/BFMC_workspace/files/ros/install/my_robot_controller' in the environment variable AMENT_PREFIX_PATH doesn't exist
[0.173s] WARNING:colcon.colcon_ros.prefix_path.catkin:The path '/home/ros_dev/BFMC_workspace/files/ros/install/traffic_light_plugin' in the environment variable CMAKE_PREFIX_PATH doesn't exist
[0.176s] INFO:colcon.colcon_ros.task.ament_cmake.build:Building ROS package in '/home/ros_dev/BFMC_workspace/files/ros/src/traffic_light_plugin' with build type 'ament_cmake'
[0.176s] INFO:colcon.colcon_cmake.task.cmake.build:Building CMake package in '/home/ros_dev/BFMC_workspace/files/ros/src/traffic_light_plugin'
[0.176s] INFO:colcon.colcon_core.shell:Skip shell extension 'powershell' for command environment: Not usable outside of PowerShell
[0.176s] DEBUG:colcon.colcon_core.shell:Skip shell extension 'dsv' for command environment
[0.305s] INFO:colcon.colcon_core.task.python.build:Building Python package in '/home/ros_dev/BFMC_workspace/files/ros/src/car_brain'
[0.306s] INFO:colcon.colcon_core.shell:Skip shell extension 'powershell' for command environment: Not usable outside of PowerShell
[0.306s] DEBUG:colcon.colcon_core.shell:Skip shell extension 'dsv' for command environment
[0.311s] DEBUG:colcon.colcon_core.event_handler.log_command:Invoking command in '/home/ros_dev/BFMC_workspace/files/ros/build/traffic_light_plugin': CMAKE_PREFIX_PATH=${CMAKE_PREFIX_PATH}:/home/ros_dev/BFMC_workspace/files/ros/install/my_robot_controller:/opt/ros/humble /usr/bin/cmake /home/ros_dev/BFMC_workspace/files/ros/src/traffic_light_plugin -DCMAKE_INSTALL_PREFIX=/home/ros_dev/BFMC_workspace/files/ros/install/traffic_light_plugin
[0.483s] DEBUG:colcon.colcon_core.event_handler.log_command:Invoking command in '/home/ros_dev/BFMC_workspace/files/ros/src/car_brain': PYTHONPATH=/home/ros_dev/BFMC_workspace/files/ros/build/car_brain/prefix_override:/usr/lib/python3/dist-packages/colcon_core/task/python/colcon_distutils_commands:/home/ros_dev/BFMC_workspace/files/ros/install/car_brain/lib/python3.10/site-packages:${PYTHONPATH} /usr/bin/python3 -W ignore:setup.py install is deprecated -W ignore:easy_install command is deprecated setup.py egg_info --egg-base ../../build/car_brain build --build-base /home/ros_dev/BFMC_workspace/files/ros/build/car_brain/build install --record /home/ros_dev/BFMC_workspace/files/ros/build/car_brain/install.log --single-version-externally-managed install_data
[0.631s] DEBUG:colcon.colcon_core.event_handler.log_command:Invoked command in '/home/ros_dev/BFMC_workspace/files/ros/src/car_brain' returned '0': PYTHONPATH=/home/ros_dev/BFMC_workspace/files/ros/build/car_brain/prefix_override:/usr/lib/python3/dist-packages/colcon_core/task/python/colcon_distutils_commands:/home/ros_dev/BFMC_workspace/files/ros/install/car_brain/lib/python3.10/site-packages:${PYTHONPATH} /usr/bin/python3 -W ignore:setup.py install is deprecated -W ignore:easy_install command is deprecated setup.py egg_info --egg-base ../../build/car_brain build --build-base /home/ros_dev/BFMC_workspace/files/ros/build/car_brain/build install --record /home/ros_dev/BFMC_workspace/files/ros/build/car_brain/install.log --single-version-externally-managed install_data
[0.632s] Level 1:colcon.colcon_core.environment:checking '/home/ros_dev/BFMC_workspace/files/ros/install/car_brain' for CMake module files
[0.633s] Level 1:colcon.colcon_core.environment:checking '/home/ros_dev/BFMC_workspace/files/ros/install/car_brain' for CMake config files
[0.633s] Level 1:colcon.colcon_core.environment:checking '/home/ros_dev/BFMC_workspace/files/ros/install/car_brain/lib'
[0.633s] Level 1:colcon.colcon_core.environment:checking '/home/ros_dev/BFMC_workspace/files/ros/install/car_brain/bin'
[0.633s] Level 1:colcon.colcon_core.environment:checking '/home/ros_dev/BFMC_workspace/files/ros/install/car_brain/lib/pkgconfig/car_brain.pc'
[0.633s] Level 1:colcon.colcon_core.environment:checking '/home/ros_dev/BFMC_workspace/files/ros/install/car_brain/lib/python3.10/site-packages'
[0.633s] Level 1:colcon.colcon_core.shell:create_environment_hook('car_brain', 'pythonpath')
[0.633s] INFO:colcon.colcon_core.shell:Creating environment hook '/home/ros_dev/BFMC_workspace/files/ros/install/car_brain/share/car_brain/hook/pythonpath.ps1'
[0.634s] INFO:colcon.colcon_core.shell:Creating environment descriptor '/home/ros_dev/BFMC_workspace/files/ros/install/car_brain/share/car_brain/hook/pythonpath.dsv'
[0.634s] INFO:colcon.colcon_core.shell:Creating environment hook '/home/ros_dev/BFMC_workspace/files/ros/install/car_brain/share/car_brain/hook/pythonpath.sh'
[0.634s] Level 1:colcon.colcon_core.environment:checking '/home/ros_dev/BFMC_workspace/files/ros/install/car_brain/bin'
[0.634s] Level 1:colcon.colcon_core.environment:create_environment_scripts_only(car_brain)
[0.634s] INFO:colcon.colcon_core.shell:Creating package script '/home/ros_dev/BFMC_workspace/files/ros/install/car_brain/share/car_brain/package.ps1'
[0.635s] INFO:colcon.colcon_core.shell:Creating package descriptor '/home/ros_dev/BFMC_workspace/files/ros/install/car_brain/share/car_brain/package.dsv'
[0.635s] INFO:colcon.colcon_core.shell:Creating package script '/home/ros_dev/BFMC_workspace/files/ros/install/car_brain/share/car_brain/package.sh'
[0.635s] INFO:colcon.colcon_core.shell:Creating package script '/home/ros_dev/BFMC_workspace/files/ros/install/car_brain/share/car_brain/package.bash'
[0.636s] INFO:colcon.colcon_core.shell:Creating package script '/home/ros_dev/BFMC_workspace/files/ros/install/car_brain/share/car_brain/package.zsh'
[0.636s] Level 1:colcon.colcon_core.environment:create_file_with_runtime_dependencies(/home/ros_dev/BFMC_workspace/files/ros/install/car_brain/share/colcon-core/packages/car_brain)
[1.719s] DEBUG:colcon.colcon_core.event_handler.log_command:Invoked command in '/home/ros_dev/BFMC_workspace/files/ros/build/traffic_light_plugin' returned '0': CMAKE_PREFIX_PATH=${CMAKE_PREFIX_PATH}:/home/ros_dev/BFMC_workspace/files/ros/install/my_robot_controller:/opt/ros/humble /usr/bin/cmake /home/ros_dev/BFMC_workspace/files/ros/src/traffic_light_plugin -DCMAKE_INSTALL_PREFIX=/home/ros_dev/BFMC_workspace/files/ros/install/traffic_light_plugin
[1.721s] DEBUG:colcon.colcon_core.event_handler.log_command:Invoking command in '/home/ros_dev/BFMC_workspace/files/ros/build/traffic_light_plugin': CMAKE_PREFIX_PATH=${CMAKE_PREFIX_PATH}:/home/ros_dev/BFMC_workspace/files/ros/install/my_robot_controller:/opt/ros/humble /usr/bin/cmake --build /home/ros_dev/BFMC_workspace/files/ros/build/traffic_light_plugin -- -j16 -l16
[6.205s] DEBUG:colcon.colcon_core.event_handler.log_command:Invoked command in '/home/ros_dev/BFMC_workspace/files/ros/build/traffic_light_plugin' returned '0': CMAKE_PREFIX_PATH=${CMAKE_PREFIX_PATH}:/home/ros_dev/BFMC_workspace/files/ros/install/my_robot_controller:/opt/ros/humble /usr/bin/cmake --build /home/ros_dev/BFMC_workspace/files/ros/build/traffic_light_plugin -- -j16 -l16
[6.213s] DEBUG:colcon.colcon_core.event_handler.log_command:Invoking command in '/home/ros_dev/BFMC_workspace/files/ros/build/traffic_light_plugin': CMAKE_PREFIX_PATH=${CMAKE_PREFIX_PATH}:/home/ros_dev/BFMC_workspace/files/ros/install/my_robot_controller:/opt/ros/humble /usr/bin/cmake --install /home/ros_dev/BFMC_workspace/files/ros/build/traffic_light_plugin
[6.228s] Level 1:colcon.colcon_core.environment:create_environment_scripts_only(traffic_light_plugin)
[6.229s] Level 1:colcon.colcon_core.environment:checking '/home/ros_dev/BFMC_workspace/files/ros/install/traffic_light_plugin' for CMake module files
[6.229s] DEBUG:colcon.colcon_core.event_handler.log_command:Invoked command in '/home/ros_dev/BFMC_workspace/files/ros/build/traffic_light_plugin' returned '0': CMAKE_PREFIX_PATH=${CMAKE_PREFIX_PATH}:/home/ros_dev/BFMC_workspace/files/ros/install/my_robot_controller:/opt/ros/humble /usr/bin/cmake --install /home/ros_dev/BFMC_workspace/files/ros/build/traffic_light_plugin
[6.229s] Level 1:colcon.colcon_core.environment:checking '/home/ros_dev/BFMC_workspace/files/ros/install/traffic_light_plugin' for CMake config files
[6.229s] Level 1:colcon.colcon_core.shell:create_environment_hook('traffic_light_plugin', 'cmake_prefix_path')
[6.229s] INFO:colcon.colcon_core.shell:Creating environment hook '/home/ros_dev/BFMC_workspace/files/ros/install/traffic_light_plugin/share/traffic_light_plugin/hook/cmake_prefix_path.ps1'
[6.230s] INFO:colcon.colcon_core.shell:Creating environment descriptor '/home/ros_dev/BFMC_workspace/files/ros/install/traffic_light_plugin/share/traffic_light_plugin/hook/cmake_prefix_path.dsv'
[6.230s] INFO:colcon.colcon_core.shell:Creating environment hook '/home/ros_dev/BFMC_workspace/files/ros/install/traffic_light_plugin/share/traffic_light_plugin/hook/cmake_prefix_path.sh'
[6.230s] Level 1:colcon.colcon_core.environment:checking '/home/ros_dev/BFMC_workspace/files/ros/install/traffic_light_plugin/lib'
[6.230s] Level 1:colcon.colcon_core.environment:checking '/home/ros_dev/BFMC_workspace/files/ros/install/traffic_light_plugin/bin'
[6.230s] Level 1:colcon.colcon_core.environment:checking '/home/ros_dev/BFMC_workspace/files/ros/install/traffic_light_plugin/lib/pkgconfig/traffic_light_plugin.pc'
[6.230s] Level 1:colcon.colcon_core.environment:checking '/home/ros_dev/BFMC_workspace/files/ros/install/traffic_light_plugin/lib/python3.10/site-packages'
[6.230s] Level 1:colcon.colcon_core.environment:checking '/home/ros_dev/BFMC_workspace/files/ros/install/traffic_light_plugin/bin'
[6.231s] INFO:colcon.colcon_core.shell:Creating package script '/home/ros_dev/BFMC_workspace/files/ros/install/traffic_light_plugin/share/traffic_light_plugin/package.ps1'
[6.231s] INFO:colcon.colcon_core.shell:Creating package descriptor '/home/ros_dev/BFMC_workspace/files/ros/install/traffic_light_plugin/share/traffic_light_plugin/package.dsv'
[6.231s] INFO:colcon.colcon_core.shell:Creating package script '/home/ros_dev/BFMC_workspace/files/ros/install/traffic_light_plugin/share/traffic_light_plugin/package.sh'
[6.231s] INFO:colcon.colcon_core.shell:Creating package script '/home/ros_dev/BFMC_workspace/files/ros/install/traffic_light_plugin/share/traffic_light_plugin/package.bash'
[6.231s] INFO:colcon.colcon_core.shell:Creating package script '/home/ros_dev/BFMC_workspace/files/ros/install/traffic_light_plugin/share/traffic_light_plugin/package.zsh'
[6.232s] Level 1:colcon.colcon_core.environment:create_file_with_runtime_dependencies(/home/ros_dev/BFMC_workspace/files/ros/install/traffic_light_plugin/share/colcon-core/packages/traffic_light_plugin)
[6.232s] Level 1:colcon.colcon_core.environment:create_environment_scripts_only(traffic_light_plugin)
[6.232s] Level 1:colcon.colcon_core.environment:checking '/home/ros_dev/BFMC_workspace/files/ros/install/traffic_light_plugin' for CMake module files
[6.232s] Level 1:colcon.colcon_core.environment:checking '/home/ros_dev/BFMC_workspace/files/ros/install/traffic_light_plugin' for CMake config files
[6.232s] Level 1:colcon.colcon_core.shell:create_environment_hook('traffic_light_plugin', 'cmake_prefix_path')
[6.232s] INFO:colcon.colcon_core.shell:Creating environment hook '/home/ros_dev/BFMC_workspace/files/ros/install/traffic_light_plugin/share/traffic_light_plugin/hook/cmake_prefix_path.ps1'
[6.233s] INFO:colcon.colcon_core.shell:Creating environment descriptor '/home/ros_dev/BFMC_workspace/files/ros/install/traffic_light_plugin/share/traffic_light_plugin/hook/cmake_prefix_path.dsv'
[6.233s] INFO:colcon.colcon_core.shell:Creating environment hook '/home/ros_dev/BFMC_workspace/files/ros/install/traffic_light_plugin/share/traffic_light_plugin/hook/cmake_prefix_path.sh'
[6.233s] Level 1:colcon.colcon_core.environment:checking '/home/ros_dev/BFMC_workspace/files/ros/install/traffic_light_plugin/lib'
[6.233s] Level 1:colcon.colcon_core.environment:checking '/home/ros_dev/BFMC_workspace/files/ros/install/traffic_light_plugin/bin'
[6.233s] Level 1:colcon.colcon_core.environment:checking '/home/ros_dev/BFMC_workspace/files/ros/install/traffic_light_plugin/lib/pkgconfig/traffic_light_plugin.pc'
[6.233s] Level 1:colcon.colcon_core.environment:checking '/home/ros_dev/BFMC_workspace/files/ros/install/traffic_light_plugin/lib/python3.10/site-packages'
[6.233s] Level 1:colcon.colcon_core.environment:checking '/home/ros_dev/BFMC_workspace/files/ros/install/traffic_light_plugin/bin'
[6.233s] INFO:colcon.colcon_core.shell:Creating package script '/home/ros_dev/BFMC_workspace/files/ros/install/traffic_light_plugin/share/traffic_light_plugin/package.ps1'
[6.234s] INFO:colcon.colcon_core.shell:Creating package descriptor '/home/ros_dev/BFMC_workspace/files/ros/install/traffic_light_plugin/share/traffic_light_plugin/package.dsv'
[6.235s] INFO:colcon.colcon_core.shell:Creating package script '/home/ros_dev/BFMC_workspace/files/ros/install/traffic_light_plugin/share/traffic_light_plugin/package.sh'
[6.235s] INFO:colcon.colcon_core.shell:Creating package script '/home/ros_dev/BFMC_workspace/files/ros/install/traffic_light_plugin/share/traffic_light_plugin/package.bash'
[6.235s] INFO:colcon.colcon_core.shell:Creating package script '/home/ros_dev/BFMC_workspace/files/ros/install/traffic_light_plugin/share/traffic_light_plugin/package.zsh'
[6.235s] Level 1:colcon.colcon_core.environment:create_file_with_runtime_dependencies(/home/ros_dev/BFMC_workspace/files/ros/install/traffic_light_plugin/share/colcon-core/packages/traffic_light_plugin)
[6.235s] DEBUG:colcon.colcon_parallel_executor.executor.parallel:closing loop
[6.235s] DEBUG:colcon.colcon_parallel_executor.executor.parallel:loop closed
[6.236s] DEBUG:colcon.colcon_parallel_executor.executor.parallel:run_until_complete finished with '0'
[6.236s] DEBUG:colcon.colcon_core.event_reactor:joining thread
[6.249s] INFO:colcon.colcon_core.plugin_system:Skipping extension 'colcon_notification.desktop_notification.notify_send': Could not find 'notify-send'
[6.249s] INFO:colcon.colcon_core.plugin_system:Skipping extension 'colcon_notification.desktop_notification.terminal_notifier': Not used on non-Darwin systems
[6.249s] INFO:colcon.colcon_core.plugin_system:Skipping extension 'colcon_notification.desktop_notification.win32': Not used on non-Windows systems
[6.249s] INFO:colcon.colcon_notification.desktop_notification:Sending desktop notification using 'notify2'
[6.252s] DEBUG:colcon.colcon_notification.desktop_notification.notify2:Failed to initialize notify2: org.freedesktop.DBus.Error.Spawn.ExecFailed: /usr/bin/dbus-launch terminated abnormally without any error message
[6.252s] DEBUG:colcon.colcon_core.event_reactor:joined thread
[6.252s] INFO:colcon.colcon_core.shell:Creating prefix script '/home/ros_dev/BFMC_workspace/files/ros/install/local_setup.ps1'
[6.253s] INFO:colcon.colcon_core.shell:Creating prefix util module '/home/ros_dev/BFMC_workspace/files/ros/install/_local_setup_util_ps1.py'
[6.254s] INFO:colcon.colcon_core.shell:Creating prefix chain script '/home/ros_dev/BFMC_workspace/files/ros/install/setup.ps1'
[6.254s] INFO:colcon.colcon_core.shell:Creating prefix script '/home/ros_dev/BFMC_workspace/files/ros/install/local_setup.sh'
[6.255s] INFO:colcon.colcon_core.shell:Creating prefix util module '/home/ros_dev/BFMC_workspace/files/ros/install/_local_setup_util_sh.py'
[6.255s] INFO:colcon.colcon_core.shell:Creating prefix chain script '/home/ros_dev/BFMC_workspace/files/ros/install/setup.sh'
[6.256s] INFO:colcon.colcon_core.shell:Creating prefix script '/home/ros_dev/BFMC_workspace/files/ros/install/local_setup.bash'
[6.256s] INFO:colcon.colcon_core.shell:Creating prefix chain script '/home/ros_dev/BFMC_workspace/files/ros/install/setup.bash'
[6.257s] INFO:colcon.colcon_core.shell:Creating prefix script '/home/ros_dev/BFMC_workspace/files/ros/install/local_setup.zsh'
[6.257s] INFO:colcon.colcon_core.shell:Creating prefix chain script '/home/ros_dev/BFMC_workspace/files/ros/install/setup.zsh'
